## mockito: 25f (a6ccf070a267e0a165b8efaaefa8938e787bb6a0) ##
--- org.mockito.internal.util.reflection.GenericMetadataSupportTest::class_return_type_of____append____resolved_to_StringBuilder_and_type_arguments
junit.framework.AssertionFailedError: expected:<java.lang.[]StringBuilder> but was:<java.lang.[Abstract]StringBuilder>
	at java.base/jdk.internal.reflect.NativeConstructorAccessorImpl.newInstance0(Native Method)
	at java.base/jdk.internal.reflect.NativeConstructorAccessorImpl.newInstance(NativeConstructorAccessorImpl.java:62)
	at java.base/jdk.internal.reflect.DelegatingConstructorAccessorImpl.newInstance(DelegatingConstructorAccessorImpl.java:45)
	at java.base/java.lang.reflect.Constructor.newInstance(Constructor.java:490)
	at org.fest.assertions.ConstructorInvoker.newInstance(ConstructorInvoker.java:34)
	at org.fest.assertions.ComparisonFailureFactory.newComparisonFailure(ComparisonFailureFactory.java:60)
	at org.fest.assertions.ComparisonFailureFactory.comparisonFailure(ComparisonFailureFactory.java:46)
	at org.fest.assertions.Fail.comparisonFailed(Fail.java:83)
	at org.fest.assertions.Fail.failIfNotEqual(Fail.java:71)
	at org.fest.assertions.GenericAssert.assertEqualTo(GenericAssert.java:271)
	at org.fest.assertions.ObjectAssert.isEqualTo(ObjectAssert.java:208)
	at org.mockito.internal.util.reflection.GenericMetadataSupportTest.class_return_type_of____append____resolved_to_StringBuilder_and_type_arguments(GenericMetadataSupportTest.java:134)
	at java.base/jdk.internal.reflect.NativeMethodAccessorImpl.invoke0(Native Method)
	at java.base/jdk.internal.reflect.NativeMethodAccessorImpl.invoke(NativeMethodAccessorImpl.java:62)
	at java.base/jdk.internal.reflect.DelegatingMethodAccessorImpl.invoke(DelegatingMethodAccessorImpl.java:43)
	at java.base/java.lang.reflect.Method.invoke(Method.java:566)
	at org.junit.runners.model.FrameworkMethod$1.runReflectiveCall(FrameworkMethod.java:47)
	at org.junit.internal.runners.model.ReflectiveCallable.run(ReflectiveCallable.java:12)
	at org.junit.runners.model.FrameworkMethod.invokeExplosively(FrameworkMethod.java:44)
	at org.junit.internal.runners.statements.InvokeMethod.evaluate(InvokeMethod.java:17)
	at org.junit.runners.ParentRunner.runLeaf(ParentRunner.java:271)
	at org.junit.runners.BlockJUnit4ClassRunner.runChild(BlockJUnit4ClassRunner.java:70)
	at org.junit.runners.BlockJUnit4ClassRunner.runChild(BlockJUnit4ClassRunner.java:50)
	at org.junit.runners.ParentRunner$3.run(ParentRunner.java:238)
	at org.junit.runners.ParentRunner$1.schedule(ParentRunner.java:63)
	at org.junit.runners.ParentRunner.runChildren(ParentRunner.java:236)
	at org.junit.runners.ParentRunner.access$000(ParentRunner.java:53)
	at org.junit.runners.ParentRunner$2.evaluate(ParentRunner.java:229)
	at org.junit.runners.ParentRunner.run(ParentRunner.java:309)
	at junit.framework.JUnit4TestAdapter.run(JUnit4TestAdapter.java:38)
	at org.apache.tools.ant.taskdefs.optional.junit.JUnitTestRunner.run(JUnitTestRunner.java:520)
	at org.apache.tools.ant.taskdefs.optional.junit.JUnitTask.executeInVM(JUnitTask.java:1492)
	at org.apache.tools.ant.taskdefs.optional.junit.JUnitTask.executeTests(JUnitTask.java:878)
	at org.apache.tools.ant.taskdefs.optional.junit.JUnitTask.executeOrQueue(JUnitTask.java:1980)
	at org.apache.tools.ant.taskdefs.optional.junit.JUnitTask.executeTests(JUnitTask.java:830)
	at org.apache.tools.ant.taskdefs.optional.junit.JUnitTask.execute(JUnitTask.java:2287)
	at org.apache.tools.ant.UnknownElement.execute(UnknownElement.java:291)
	at jdk.internal.reflect.GeneratedMethodAccessor4.invoke(Unknown Source)
	at java.base/jdk.internal.reflect.DelegatingMethodAccessorImpl.invoke(DelegatingMethodAccessorImpl.java:43)
	at java.base/java.lang.reflect.Method.invoke(Method.java:566)
	at org.apache.tools.ant.dispatch.DispatchUtils.execute(DispatchUtils.java:106)
	at org.apache.tools.ant.Task.perform(Task.java:348)
	at org.apache.tools.ant.Target.execute(Target.java:392)
	at org.apache.tools.ant.Target.performTasks(Target.java:413)
	at org.apache.tools.ant.Project.executeSortedTargets(Project.java:1399)
	at org.apache.tools.ant.Project.executeTarget(Project.java:1368)
	at org.apache.tools.ant.helper.DefaultExecutor.executeTargets(DefaultExecutor.java:41)
	at org.apache.tools.ant.Project.executeTargets(Project.java:1251)
	at org.apache.tools.ant.Main.runBuild(Main.java:811)
	at org.apache.tools.ant.Main.startAnt(Main.java:217)
	at org.apache.tools.ant.launch.Launcher.run(Launcher.java:280)
	at org.apache.tools.ant.launch.Launcher.main(Launcher.java:109)
--- org.mockitousage.basicapi.MocksSerializationForAnnotationTest::should_serialize_object_mock
java.io.InvalidClassException: org.mockito.internal.matchers.Any$$EnhancerByMockitoWithCGLIB$$682b0361; no valid constructor
	at java.base/java.io.ObjectStreamClass$ExceptionInfo.newInvalidClassException(ObjectStreamClass.java:159)
	at java.base/java.io.ObjectStreamClass.checkDeserialize(ObjectStreamClass.java:875)
	at java.base/java.io.ObjectInputStream.readOrdinaryObject(ObjectInputStream.java:2170)
	at java.base/java.io.ObjectInputStream.readObject0(ObjectInputStream.java:1679)
	at java.base/java.io.ObjectInputStream.readObject(ObjectInputStream.java:493)
	at java.base/java.io.ObjectInputStream.readObject(ObjectInputStream.java:451)
	at org.mockitoutil.TestBase.deserializeMock(TestBase.java:165)
	at org.mockitousage.basicapi.MocksSerializationForAnnotationTest.should_serialize_object_mock(MocksSerializationForAnnotationTest.java:285)
	at java.base/jdk.internal.reflect.NativeMethodAccessorImpl.invoke0(Native Method)
	at java.base/jdk.internal.reflect.NativeMethodAccessorImpl.invoke(NativeMethodAccessorImpl.java:62)
	at java.base/jdk.internal.reflect.DelegatingMethodAccessorImpl.invoke(DelegatingMethodAccessorImpl.java:43)
	at java.base/java.lang.reflect.Method.invoke(Method.java:566)
	at org.junit.runners.model.FrameworkMethod$1.runReflectiveCall(FrameworkMethod.java:47)
	at org.junit.internal.runners.model.ReflectiveCallable.run(ReflectiveCallable.java:12)
	at org.junit.runners.model.FrameworkMethod.invokeExplosively(FrameworkMethod.java:44)
	at org.junit.internal.runners.statements.InvokeMethod.evaluate(InvokeMethod.java:17)
	at org.junit.internal.runners.statements.RunBefores.evaluate(RunBefores.java:26)
	at org.junit.internal.runners.statements.RunAfters.evaluate(RunAfters.java:27)
	at org.junit.runners.ParentRunner.runLeaf(ParentRunner.java:271)
	at org.junit.runners.BlockJUnit4ClassRunner.runChild(BlockJUnit4ClassRunner.java:70)
	at org.junit.runners.BlockJUnit4ClassRunner.runChild(BlockJUnit4ClassRunner.java:50)
	at org.junit.runners.ParentRunner$3.run(ParentRunner.java:238)
	at org.junit.runners.ParentRunner$1.schedule(ParentRunner.java:63)
	at org.junit.runners.ParentRunner.runChildren(ParentRunner.java:236)
	at org.junit.runners.ParentRunner.access$000(ParentRunner.java:53)
	at org.junit.runners.ParentRunner$2.evaluate(ParentRunner.java:229)
	at org.junit.runners.ParentRunner.run(ParentRunner.java:309)
	at junit.framework.JUnit4TestAdapter.run(JUnit4TestAdapter.java:38)
	at org.apache.tools.ant.taskdefs.optional.junit.JUnitTestRunner.run(JUnitTestRunner.java:520)
	at org.apache.tools.ant.taskdefs.optional.junit.JUnitTask.executeInVM(JUnitTask.java:1492)
	at org.apache.tools.ant.taskdefs.optional.junit.JUnitTask.executeTests(JUnitTask.java:878)
	at org.apache.tools.ant.taskdefs.optional.junit.JUnitTask.executeOrQueue(JUnitTask.java:1980)
	at org.apache.tools.ant.taskdefs.optional.junit.JUnitTask.executeTests(JUnitTask.java:830)
	at org.apache.tools.ant.taskdefs.optional.junit.JUnitTask.execute(JUnitTask.java:2287)
	at org.apache.tools.ant.UnknownElement.execute(UnknownElement.java:291)
	at jdk.internal.reflect.GeneratedMethodAccessor4.invoke(Unknown Source)
	at java.base/jdk.internal.reflect.DelegatingMethodAccessorImpl.invoke(DelegatingMethodAccessorImpl.java:43)
	at java.base/java.lang.reflect.Method.invoke(Method.java:566)
	at org.apache.tools.ant.dispatch.DispatchUtils.execute(DispatchUtils.java:106)
	at org.apache.tools.ant.Task.perform(Task.java:348)
	at org.apache.tools.ant.Target.execute(Target.java:392)
	at org.apache.tools.ant.Target.performTasks(Target.java:413)
	at org.apache.tools.ant.Project.executeSortedTargets(Project.java:1399)
	at org.apache.tools.ant.Project.executeTarget(Project.java:1368)
	at org.apache.tools.ant.helper.DefaultExecutor.executeTargets(DefaultExecutor.java:41)
	at org.apache.tools.ant.Project.executeTargets(Project.java:1251)
	at org.apache.tools.ant.Main.runBuild(Main.java:811)
	at org.apache.tools.ant.Main.startAnt(Main.java:217)
	at org.apache.tools.ant.launch.Launcher.run(Launcher.java:280)
	at org.apache.tools.ant.launch.Launcher.main(Launcher.java:109)
--- org.mockitousage.basicapi.MocksSerializationForAnnotationTest::should_serialize_real_partial_mock
java.io.InvalidClassException: org.mockito.internal.matchers.Any$$EnhancerByMockitoWithCGLIB$$682bf79e; no valid constructor
	at java.base/java.io.ObjectStreamClass$ExceptionInfo.newInvalidClassException(ObjectStreamClass.java:159)
	at java.base/java.io.ObjectStreamClass.checkDeserialize(ObjectStreamClass.java:875)
	at java.base/java.io.ObjectInputStream.readOrdinaryObject(ObjectInputStream.java:2170)
	at java.base/java.io.ObjectInputStream.readObject0(ObjectInputStream.java:1679)
	at java.base/java.io.ObjectInputStream.readObject(ObjectInputStream.java:493)
	at java.base/java.io.ObjectInputStream.readObject(ObjectInputStream.java:451)
	at org.mockitoutil.TestBase.deserializeMock(TestBase.java:165)
	at org.mockitousage.basicapi.MocksSerializationForAnnotationTest.should_serialize_real_partial_mock(MocksSerializationForAnnotationTest.java:297)
	at java.base/jdk.internal.reflect.NativeMethodAccessorImpl.invoke0(Native Method)
	at java.base/jdk.internal.reflect.NativeMethodAccessorImpl.invoke(NativeMethodAccessorImpl.java:62)
	at java.base/jdk.internal.reflect.DelegatingMethodAccessorImpl.invoke(DelegatingMethodAccessorImpl.java:43)
	at java.base/java.lang.reflect.Method.invoke(Method.java:566)
	at org.junit.runners.model.FrameworkMethod$1.runReflectiveCall(FrameworkMethod.java:47)
	at org.junit.internal.runners.model.ReflectiveCallable.run(ReflectiveCallable.java:12)
	at org.junit.runners.model.FrameworkMethod.invokeExplosively(FrameworkMethod.java:44)
	at org.junit.internal.runners.statements.InvokeMethod.evaluate(InvokeMethod.java:17)
	at org.junit.internal.runners.statements.RunBefores.evaluate(RunBefores.java:26)
	at org.junit.internal.runners.statements.RunAfters.evaluate(RunAfters.java:27)
	at org.junit.runners.ParentRunner.runLeaf(ParentRunner.java:271)
	at org.junit.runners.BlockJUnit4ClassRunner.runChild(BlockJUnit4ClassRunner.java:70)
	at org.junit.runners.BlockJUnit4ClassRunner.runChild(BlockJUnit4ClassRunner.java:50)
	at org.junit.runners.ParentRunner$3.run(ParentRunner.java:238)
	at org.junit.runners.ParentRunner$1.schedule(ParentRunner.java:63)
	at org.junit.runners.ParentRunner.runChildren(ParentRunner.java:236)
	at org.junit.runners.ParentRunner.access$000(ParentRunner.java:53)
	at org.junit.runners.ParentRunner$2.evaluate(ParentRunner.java:229)
	at org.junit.runners.ParentRunner.run(ParentRunner.java:309)
	at junit.framework.JUnit4TestAdapter.run(JUnit4TestAdapter.java:38)
	at org.apache.tools.ant.taskdefs.optional.junit.JUnitTestRunner.run(JUnitTestRunner.java:520)
	at org.apache.tools.ant.taskdefs.optional.junit.JUnitTask.executeInVM(JUnitTask.java:1492)
	at org.apache.tools.ant.taskdefs.optional.junit.JUnitTask.executeTests(JUnitTask.java:878)
	at org.apache.tools.ant.taskdefs.optional.junit.JUnitTask.executeOrQueue(JUnitTask.java:1980)
	at org.apache.tools.ant.taskdefs.optional.junit.JUnitTask.executeTests(JUnitTask.java:830)
	at org.apache.tools.ant.taskdefs.optional.junit.JUnitTask.execute(JUnitTask.java:2287)
	at org.apache.tools.ant.UnknownElement.execute(UnknownElement.java:291)
	at jdk.internal.reflect.GeneratedMethodAccessor4.invoke(Unknown Source)
	at java.base/jdk.internal.reflect.DelegatingMethodAccessorImpl.invoke(DelegatingMethodAccessorImpl.java:43)
	at java.base/java.lang.reflect.Method.invoke(Method.java:566)
	at org.apache.tools.ant.dispatch.DispatchUtils.execute(DispatchUtils.java:106)
	at org.apache.tools.ant.Task.perform(Task.java:348)
	at org.apache.tools.ant.Target.execute(Target.java:392)
	at org.apache.tools.ant.Target.performTasks(Target.java:413)
	at org.apache.tools.ant.Project.executeSortedTargets(Project.java:1399)
	at org.apache.tools.ant.Project.executeTarget(Project.java:1368)
	at org.apache.tools.ant.helper.DefaultExecutor.executeTargets(DefaultExecutor.java:41)
	at org.apache.tools.ant.Project.executeTargets(Project.java:1251)
	at org.apache.tools.ant.Main.runBuild(Main.java:811)
	at org.apache.tools.ant.Main.startAnt(Main.java:217)
	at org.apache.tools.ant.launch.Launcher.run(Launcher.java:280)
	at org.apache.tools.ant.launch.Launcher.main(Launcher.java:109)
--- org.mockitousage.basicapi.MocksSerializationForAnnotationTest::should_serialize_with_stubbing_callback
java.io.InvalidClassException: org.mockito.internal.matchers.Any$$EnhancerByMockitoWithCGLIB$$682b0361; no valid constructor
	at java.base/java.io.ObjectStreamClass$ExceptionInfo.newInvalidClassException(ObjectStreamClass.java:159)
	at java.base/java.io.ObjectStreamClass.checkDeserialize(ObjectStreamClass.java:875)
	at java.base/java.io.ObjectInputStream.readOrdinaryObject(ObjectInputStream.java:2170)
	at java.base/java.io.ObjectInputStream.readObject0(ObjectInputStream.java:1679)
	at java.base/java.io.ObjectInputStream.defaultReadFields(ObjectInputStream.java:2464)
	at java.base/java.io.ObjectInputStream.readSerialData(ObjectInputStream.java:2358)
	at java.base/java.io.ObjectInputStream.readOrdinaryObject(ObjectInputStream.java:2196)
	at java.base/java.io.ObjectInputStream.readObject0(ObjectInputStream.java:1679)
	at java.base/java.io.ObjectInputStream.defaultReadFields(ObjectInputStream.java:2464)
	at java.base/java.io.ObjectInputStream.readSerialData(ObjectInputStream.java:2358)
	at java.base/java.io.ObjectInputStream.readOrdinaryObject(ObjectInputStream.java:2196)
	at java.base/java.io.ObjectInputStream.readObject0(ObjectInputStream.java:1679)
	at java.base/java.io.ObjectInputStream.readObject(ObjectInputStream.java:493)
	at java.base/java.io.ObjectInputStream.readObject(ObjectInputStream.java:451)
	at java.base/java.util.concurrent.ConcurrentLinkedQueue.readObject(ConcurrentLinkedQueue.java:844)
	at java.base/jdk.internal.reflect.NativeMethodAccessorImpl.invoke0(Native Method)
	at java.base/jdk.internal.reflect.NativeMethodAccessorImpl.invoke(NativeMethodAccessorImpl.java:62)
	at java.base/jdk.internal.reflect.DelegatingMethodAccessorImpl.invoke(DelegatingMethodAccessorImpl.java:43)
	at java.base/java.lang.reflect.Method.invoke(Method.java:566)
	at java.base/java.io.ObjectStreamClass.invokeReadObject(ObjectStreamClass.java:1175)
	at java.base/java.io.ObjectInputStream.readSerialData(ObjectInputStream.java:2325)
	at java.base/java.io.ObjectInputStream.readOrdinaryObject(ObjectInputStream.java:2196)
	at java.base/java.io.ObjectInputStream.readObject0(ObjectInputStream.java:1679)
	at java.base/java.io.ObjectInputStream.defaultReadFields(ObjectInputStream.java:2464)
	at java.base/java.io.ObjectInputStream.readSerialData(ObjectInputStream.java:2358)
	at java.base/java.io.ObjectInputStream.readOrdinaryObject(ObjectInputStream.java:2196)
	at java.base/java.io.ObjectInputStream.readObject0(ObjectInputStream.java:1679)
	at java.base/java.io.ObjectInputStream.readObject(ObjectInputStream.java:493)
	at java.base/java.io.ObjectInputStream.readObject(ObjectInputStream.java:451)
	at java.base/java.util.LinkedList.readObject(LinkedList.java:1153)
	at java.base/jdk.internal.reflect.NativeMethodAccessorImpl.invoke0(Native Method)
	at java.base/jdk.internal.reflect.NativeMethodAccessorImpl.invoke(NativeMethodAccessorImpl.java:62)
	at java.base/jdk.internal.reflect.DelegatingMethodAccessorImpl.invoke(DelegatingMethodAccessorImpl.java:43)
	at java.base/java.lang.reflect.Method.invoke(Method.java:566)
	at java.base/java.io.ObjectStreamClass.invokeReadObject(ObjectStreamClass.java:1175)
	at java.base/java.io.ObjectInputStream.readSerialData(ObjectInputStream.java:2325)
	at java.base/java.io.ObjectInputStream.readOrdinaryObject(ObjectInputStream.java:2196)
	at java.base/java.io.ObjectInputStream.readObject0(ObjectInputStream.java:1679)
	at java.base/java.io.ObjectInputStream.defaultReadFields(ObjectInputStream.java:2464)
	at java.base/java.io.ObjectInputStream.readSerialData(ObjectInputStream.java:2358)
	at java.base/java.io.ObjectInputStream.readOrdinaryObject(ObjectInputStream.java:2196)
	at java.base/java.io.ObjectInputStream.readObject0(ObjectInputStream.java:1679)
	at java.base/java.io.ObjectInputStream.defaultReadFields(ObjectInputStream.java:2464)
	at java.base/java.io.ObjectInputStream.readSerialData(ObjectInputStream.java:2358)
	at java.base/java.io.ObjectInputStream.readOrdinaryObject(ObjectInputStream.java:2196)
	at java.base/java.io.ObjectInputStream.readObject0(ObjectInputStream.java:1679)
	at java.base/java.io.ObjectInputStream.defaultReadFields(ObjectInputStream.java:2464)
	at java.base/java.io.ObjectInputStream.readSerialData(ObjectInputStream.java:2358)
	at java.base/java.io.ObjectInputStream.readOrdinaryObject(ObjectInputStream.java:2196)
	at java.base/java.io.ObjectInputStream.readObject0(ObjectInputStream.java:1679)
	at java.base/java.io.ObjectInputStream.defaultReadFields(ObjectInputStream.java:2464)
	at java.base/java.io.ObjectInputStream.readSerialData(ObjectInputStream.java:2358)
	at java.base/java.io.ObjectInputStream.readOrdinaryObject(ObjectInputStream.java:2196)
	at java.base/java.io.ObjectInputStream.readObject0(ObjectInputStream.java:1679)
	at java.base/java.io.ObjectInputStream.defaultReadFields(ObjectInputStream.java:2464)
	at java.base/java.io.ObjectInputStream.readSerialData(ObjectInputStream.java:2358)
	at java.base/java.io.ObjectInputStream.readOrdinaryObject(ObjectInputStream.java:2196)
	at java.base/java.io.ObjectInputStream.readObject0(ObjectInputStream.java:1679)
	at java.base/java.io.ObjectInputStream.defaultReadFields(ObjectInputStream.java:2464)
	at java.base/java.io.ObjectInputStream.readSerialData(ObjectInputStream.java:2358)
	at java.base/java.io.ObjectInputStream.readOrdinaryObject(ObjectInputStream.java:2196)
	at java.base/java.io.ObjectInputStream.readObject0(ObjectInputStream.java:1679)
	at java.base/java.io.ObjectInputStream.readObject(ObjectInputStream.java:493)
	at java.base/java.io.ObjectInputStream.readObject(ObjectInputStream.java:451)
	at org.mockitoutil.TestBase.deserializeMock(TestBase.java:165)
	at org.mockitousage.basicapi.MocksSerializationForAnnotationTest.should_serialize_with_stubbing_callback(MocksSerializationForAnnotationTest.java:248)
	at java.base/jdk.internal.reflect.NativeMethodAccessorImpl.invoke0(Native Method)
	at java.base/jdk.internal.reflect.NativeMethodAccessorImpl.invoke(NativeMethodAccessorImpl.java:62)
	at java.base/jdk.internal.reflect.DelegatingMethodAccessorImpl.invoke(DelegatingMethodAccessorImpl.java:43)
	at java.base/java.lang.reflect.Method.invoke(Method.java:566)
	at org.junit.runners.model.FrameworkMethod$1.runReflectiveCall(FrameworkMethod.java:47)
	at org.junit.internal.runners.model.ReflectiveCallable.run(ReflectiveCallable.java:12)
	at org.junit.runners.model.FrameworkMethod.invokeExplosively(FrameworkMethod.java:44)
	at org.junit.internal.runners.statements.InvokeMethod.evaluate(InvokeMethod.java:17)
	at org.junit.internal.runners.statements.RunBefores.evaluate(RunBefores.java:26)
	at org.junit.internal.runners.statements.RunAfters.evaluate(RunAfters.java:27)
	at org.junit.runners.ParentRunner.runLeaf(ParentRunner.java:271)
	at org.junit.runners.BlockJUnit4ClassRunner.runChild(BlockJUnit4ClassRunner.java:70)
	at org.junit.runners.BlockJUnit4ClassRunner.runChild(BlockJUnit4ClassRunner.java:50)
	at org.junit.runners.ParentRunner$3.run(ParentRunner.java:238)
	at org.junit.runners.ParentRunner$1.schedule(ParentRunner.java:63)
	at org.junit.runners.ParentRunner.runChildren(ParentRunner.java:236)
	at org.junit.runners.ParentRunner.access$000(ParentRunner.java:53)
	at org.junit.runners.ParentRunner$2.evaluate(ParentRunner.java:229)
	at org.junit.runners.ParentRunner.run(ParentRunner.java:309)
	at junit.framework.JUnit4TestAdapter.run(JUnit4TestAdapter.java:38)
	at org.apache.tools.ant.taskdefs.optional.junit.JUnitTestRunner.run(JUnitTestRunner.java:520)
	at org.apache.tools.ant.taskdefs.optional.junit.JUnitTask.executeInVM(JUnitTask.java:1492)
	at org.apache.tools.ant.taskdefs.optional.junit.JUnitTask.executeTests(JUnitTask.java:878)
	at org.apache.tools.ant.taskdefs.optional.junit.JUnitTask.executeOrQueue(JUnitTask.java:1980)
	at org.apache.tools.ant.taskdefs.optional.junit.JUnitTask.executeTests(JUnitTask.java:830)
	at org.apache.tools.ant.taskdefs.optional.junit.JUnitTask.execute(JUnitTask.java:2287)
	at org.apache.tools.ant.UnknownElement.execute(UnknownElement.java:291)
	at jdk.internal.reflect.GeneratedMethodAccessor4.invoke(Unknown Source)
	at java.base/jdk.internal.reflect.DelegatingMethodAccessorImpl.invoke(DelegatingMethodAccessorImpl.java:43)
	at java.base/java.lang.reflect.Method.invoke(Method.java:566)
	at org.apache.tools.ant.dispatch.DispatchUtils.execute(DispatchUtils.java:106)
	at org.apache.tools.ant.Task.perform(Task.java:348)
	at org.apache.tools.ant.Target.execute(Target.java:392)
	at org.apache.tools.ant.Target.performTasks(Target.java:413)
	at org.apache.tools.ant.Project.executeSortedTargets(Project.java:1399)
	at org.apache.tools.ant.Project.executeTarget(Project.java:1368)
	at org.apache.tools.ant.helper.DefaultExecutor.executeTargets(DefaultExecutor.java:41)
	at org.apache.tools.ant.Project.executeTargets(Project.java:1251)
	at org.apache.tools.ant.Main.runBuild(Main.java:811)
	at org.apache.tools.ant.Main.startAnt(Main.java:217)
	at org.apache.tools.ant.launch.Launcher.run(Launcher.java:280)
	at org.apache.tools.ant.launch.Launcher.main(Launcher.java:109)
--- org.mockitousage.basicapi.MocksSerializationForAnnotationTest::should_serialization_work
java.io.InvalidClassException: org.mockito.internal.matchers.Any$$EnhancerByMockitoWithCGLIB$$682b0361; no valid constructor
	at java.base/java.io.ObjectStreamClass$ExceptionInfo.newInvalidClassException(ObjectStreamClass.java:159)
	at java.base/java.io.ObjectStreamClass.checkDeserialize(ObjectStreamClass.java:875)
	at java.base/java.io.ObjectInputStream.readOrdinaryObject(ObjectInputStream.java:2170)
	at java.base/java.io.ObjectInputStream.readObject0(ObjectInputStream.java:1679)
	at java.base/java.io.ObjectInputStream.defaultReadFields(ObjectInputStream.java:2464)
	at java.base/java.io.ObjectInputStream.readSerialData(ObjectInputStream.java:2358)
	at java.base/java.io.ObjectInputStream.readOrdinaryObject(ObjectInputStream.java:2196)
	at java.base/java.io.ObjectInputStream.readObject0(ObjectInputStream.java:1679)
	at java.base/java.io.ObjectInputStream.defaultReadFields(ObjectInputStream.java:2464)
	at java.base/java.io.ObjectInputStream.readSerialData(ObjectInputStream.java:2358)
	at java.base/java.io.ObjectInputStream.readOrdinaryObject(ObjectInputStream.java:2196)
	at java.base/java.io.ObjectInputStream.readObject0(ObjectInputStream.java:1679)
	at java.base/java.io.ObjectInputStream.defaultReadFields(ObjectInputStream.java:2464)
	at java.base/java.io.ObjectInputStream.readSerialData(ObjectInputStream.java:2358)
	at java.base/java.io.ObjectInputStream.readOrdinaryObject(ObjectInputStream.java:2196)
	at java.base/java.io.ObjectInputStream.readObject0(ObjectInputStream.java:1679)
	at java.base/java.io.ObjectInputStream.readObject(ObjectInputStream.java:493)
	at java.base/java.io.ObjectInputStream.readObject(ObjectInputStream.java:451)
	at org.mockitoutil.TestBase.deserializeMock(TestBase.java:165)
	at org.mockitoutil.TestBase.serializeAndBack(TestBase.java:159)
	at org.mockitousage.basicapi.MocksSerializationForAnnotationTest.should_serialization_work(MocksSerializationForAnnotationTest.java:185)
	at java.base/jdk.internal.reflect.NativeMethodAccessorImpl.invoke0(Native Method)
	at java.base/jdk.internal.reflect.NativeMethodAccessorImpl.invoke(NativeMethodAccessorImpl.java:62)
	at java.base/jdk.internal.reflect.DelegatingMethodAccessorImpl.invoke(DelegatingMethodAccessorImpl.java:43)
	at java.base/java.lang.reflect.Method.invoke(Method.java:566)
	at org.junit.runners.model.FrameworkMethod$1.runReflectiveCall(FrameworkMethod.java:47)
	at org.junit.internal.runners.model.ReflectiveCallable.run(ReflectiveCallable.java:12)
	at org.junit.runners.model.FrameworkMethod.invokeExplosively(FrameworkMethod.java:44)
	at org.junit.internal.runners.statements.InvokeMethod.evaluate(InvokeMethod.java:17)
	at org.junit.internal.runners.statements.RunBefores.evaluate(RunBefores.java:26)
	at org.junit.internal.runners.statements.RunAfters.evaluate(RunAfters.java:27)
	at org.junit.runners.ParentRunner.runLeaf(ParentRunner.java:271)
	at org.junit.runners.BlockJUnit4ClassRunner.runChild(BlockJUnit4ClassRunner.java:70)
	at org.junit.runners.BlockJUnit4ClassRunner.runChild(BlockJUnit4ClassRunner.java:50)
	at org.junit.runners.ParentRunner$3.run(ParentRunner.java:238)
	at org.junit.runners.ParentRunner$1.schedule(ParentRunner.java:63)
	at org.junit.runners.ParentRunner.runChildren(ParentRunner.java:236)
	at org.junit.runners.ParentRunner.access$000(ParentRunner.java:53)
	at org.junit.runners.ParentRunner$2.evaluate(ParentRunner.java:229)
	at org.junit.runners.ParentRunner.run(ParentRunner.java:309)
	at junit.framework.JUnit4TestAdapter.run(JUnit4TestAdapter.java:38)
	at org.apache.tools.ant.taskdefs.optional.junit.JUnitTestRunner.run(JUnitTestRunner.java:520)
	at org.apache.tools.ant.taskdefs.optional.junit.JUnitTask.executeInVM(JUnitTask.java:1492)
	at org.apache.tools.ant.taskdefs.optional.junit.JUnitTask.executeTests(JUnitTask.java:878)
	at org.apache.tools.ant.taskdefs.optional.junit.JUnitTask.executeOrQueue(JUnitTask.java:1980)
	at org.apache.tools.ant.taskdefs.optional.junit.JUnitTask.executeTests(JUnitTask.java:830)
	at org.apache.tools.ant.taskdefs.optional.junit.JUnitTask.execute(JUnitTask.java:2287)
	at org.apache.tools.ant.UnknownElement.execute(UnknownElement.java:291)
	at jdk.internal.reflect.GeneratedMethodAccessor4.invoke(Unknown Source)
	at java.base/jdk.internal.reflect.DelegatingMethodAccessorImpl.invoke(DelegatingMethodAccessorImpl.java:43)
	at java.base/java.lang.reflect.Method.invoke(Method.java:566)
	at org.apache.tools.ant.dispatch.DispatchUtils.execute(DispatchUtils.java:106)
	at org.apache.tools.ant.Task.perform(Task.java:348)
	at org.apache.tools.ant.Target.execute(Target.java:392)
	at org.apache.tools.ant.Target.performTasks(Target.java:413)
	at org.apache.tools.ant.Project.executeSortedTargets(Project.java:1399)
	at org.apache.tools.ant.Project.executeTarget(Project.java:1368)
	at org.apache.tools.ant.helper.DefaultExecutor.executeTargets(DefaultExecutor.java:41)
	at org.apache.tools.ant.Project.executeTargets(Project.java:1251)
	at org.apache.tools.ant.Main.runBuild(Main.java:811)
	at org.apache.tools.ant.Main.startAnt(Main.java:217)
	at org.apache.tools.ant.launch.Launcher.run(Launcher.java:280)
	at org.apache.tools.ant.launch.Launcher.main(Launcher.java:109)
--- org.mockitousage.basicapi.MocksSerializationTest::should_serialize_object_mock
java.io.InvalidClassException: org.mockito.internal.matchers.Any$$EnhancerByMockitoWithCGLIB$$8ba64c31; no valid constructor
	at java.base/java.io.ObjectStreamClass$ExceptionInfo.newInvalidClassException(ObjectStreamClass.java:159)
	at java.base/java.io.ObjectStreamClass.checkDeserialize(ObjectStreamClass.java:875)
	at java.base/java.io.ObjectInputStream.readOrdinaryObject(ObjectInputStream.java:2170)
	at java.base/java.io.ObjectInputStream.readObject0(ObjectInputStream.java:1679)
	at java.base/java.io.ObjectInputStream.readObject(ObjectInputStream.java:493)
	at java.base/java.io.ObjectInputStream.readObject(ObjectInputStream.java:451)
	at org.mockitoutil.TestBase.deserializeMock(TestBase.java:165)
	at org.mockitousage.basicapi.MocksSerializationTest.should_serialize_object_mock(MocksSerializationTest.java:297)
	at java.base/jdk.internal.reflect.NativeMethodAccessorImpl.invoke0(Native Method)
	at java.base/jdk.internal.reflect.NativeMethodAccessorImpl.invoke(NativeMethodAccessorImpl.java:62)
	at java.base/jdk.internal.reflect.DelegatingMethodAccessorImpl.invoke(DelegatingMethodAccessorImpl.java:43)
	at java.base/java.lang.reflect.Method.invoke(Method.java:566)
	at org.junit.runners.model.FrameworkMethod$1.runReflectiveCall(FrameworkMethod.java:47)
	at org.junit.internal.runners.model.ReflectiveCallable.run(ReflectiveCallable.java:12)
	at org.junit.runners.model.FrameworkMethod.invokeExplosively(FrameworkMethod.java:44)
	at org.junit.internal.runners.statements.InvokeMethod.evaluate(InvokeMethod.java:17)
	at org.junit.internal.runners.statements.RunBefores.evaluate(RunBefores.java:26)
	at org.junit.internal.runners.statements.RunAfters.evaluate(RunAfters.java:27)
	at org.junit.runners.ParentRunner.runLeaf(ParentRunner.java:271)
	at org.junit.runners.BlockJUnit4ClassRunner.runChild(BlockJUnit4ClassRunner.java:70)
	at org.junit.runners.BlockJUnit4ClassRunner.runChild(BlockJUnit4ClassRunner.java:50)
	at org.junit.runners.ParentRunner$3.run(ParentRunner.java:238)
	at org.junit.runners.ParentRunner$1.schedule(ParentRunner.java:63)
	at org.junit.runners.ParentRunner.runChildren(ParentRunner.java:236)
	at org.junit.runners.ParentRunner.access$000(ParentRunner.java:53)
	at org.junit.runners.ParentRunner$2.evaluate(ParentRunner.java:229)
	at org.junit.runners.ParentRunner.run(ParentRunner.java:309)
	at junit.framework.JUnit4TestAdapter.run(JUnit4TestAdapter.java:38)
	at org.apache.tools.ant.taskdefs.optional.junit.JUnitTestRunner.run(JUnitTestRunner.java:520)
	at org.apache.tools.ant.taskdefs.optional.junit.JUnitTask.executeInVM(JUnitTask.java:1492)
	at org.apache.tools.ant.taskdefs.optional.junit.JUnitTask.executeTests(JUnitTask.java:878)
	at org.apache.tools.ant.taskdefs.optional.junit.JUnitTask.executeOrQueue(JUnitTask.java:1980)
	at org.apache.tools.ant.taskdefs.optional.junit.JUnitTask.executeTests(JUnitTask.java:830)
	at org.apache.tools.ant.taskdefs.optional.junit.JUnitTask.execute(JUnitTask.java:2287)
	at org.apache.tools.ant.UnknownElement.execute(UnknownElement.java:291)
	at jdk.internal.reflect.GeneratedMethodAccessor4.invoke(Unknown Source)
	at java.base/jdk.internal.reflect.DelegatingMethodAccessorImpl.invoke(DelegatingMethodAccessorImpl.java:43)
	at java.base/java.lang.reflect.Method.invoke(Method.java:566)
	at org.apache.tools.ant.dispatch.DispatchUtils.execute(DispatchUtils.java:106)
	at org.apache.tools.ant.Task.perform(Task.java:348)
	at org.apache.tools.ant.Target.execute(Target.java:392)
	at org.apache.tools.ant.Target.performTasks(Target.java:413)
	at org.apache.tools.ant.Project.executeSortedTargets(Project.java:1399)
	at org.apache.tools.ant.Project.executeTarget(Project.java:1368)
	at org.apache.tools.ant.helper.DefaultExecutor.executeTargets(DefaultExecutor.java:41)
	at org.apache.tools.ant.Project.executeTargets(Project.java:1251)
	at org.apache.tools.ant.Main.runBuild(Main.java:811)
	at org.apache.tools.ant.Main.startAnt(Main.java:217)
	at org.apache.tools.ant.launch.Launcher.run(Launcher.java:280)
	at org.apache.tools.ant.launch.Launcher.main(Launcher.java:109)
--- org.mockitousage.basicapi.MocksSerializationTest::should_serialize_real_partial_mock
java.io.InvalidClassException: org.mockito.internal.matchers.Any$$EnhancerByMockitoWithCGLIB$$8ba7406e; no valid constructor
	at java.base/java.io.ObjectStreamClass$ExceptionInfo.newInvalidClassException(ObjectStreamClass.java:159)
	at java.base/java.io.ObjectStreamClass.checkDeserialize(ObjectStreamClass.java:875)
	at java.base/java.io.ObjectInputStream.readOrdinaryObject(ObjectInputStream.java:2170)
	at java.base/java.io.ObjectInputStream.readObject0(ObjectInputStream.java:1679)
	at java.base/java.io.ObjectInputStream.readObject(ObjectInputStream.java:493)
	at java.base/java.io.ObjectInputStream.readObject(ObjectInputStream.java:451)
	at org.mockitoutil.TestBase.deserializeMock(TestBase.java:165)
	at org.mockitousage.basicapi.MocksSerializationTest.should_serialize_real_partial_mock(MocksSerializationTest.java:310)
	at java.base/jdk.internal.reflect.NativeMethodAccessorImpl.invoke0(Native Method)
	at java.base/jdk.internal.reflect.NativeMethodAccessorImpl.invoke(NativeMethodAccessorImpl.java:62)
	at java.base/jdk.internal.reflect.DelegatingMethodAccessorImpl.invoke(DelegatingMethodAccessorImpl.java:43)
	at java.base/java.lang.reflect.Method.invoke(Method.java:566)
	at org.junit.runners.model.FrameworkMethod$1.runReflectiveCall(FrameworkMethod.java:47)
	at org.junit.internal.runners.model.ReflectiveCallable.run(ReflectiveCallable.java:12)
	at org.junit.runners.model.FrameworkMethod.invokeExplosively(FrameworkMethod.java:44)
	at org.junit.internal.runners.statements.InvokeMethod.evaluate(InvokeMethod.java:17)
	at org.junit.internal.runners.statements.RunBefores.evaluate(RunBefores.java:26)
	at org.junit.internal.runners.statements.RunAfters.evaluate(RunAfters.java:27)
	at org.junit.runners.ParentRunner.runLeaf(ParentRunner.java:271)
	at org.junit.runners.BlockJUnit4ClassRunner.runChild(BlockJUnit4ClassRunner.java:70)
	at org.junit.runners.BlockJUnit4ClassRunner.runChild(BlockJUnit4ClassRunner.java:50)
	at org.junit.runners.ParentRunner$3.run(ParentRunner.java:238)
	at org.junit.runners.ParentRunner$1.schedule(ParentRunner.java:63)
	at org.junit.runners.ParentRunner.runChildren(ParentRunner.java:236)
	at org.junit.runners.ParentRunner.access$000(ParentRunner.java:53)
	at org.junit.runners.ParentRunner$2.evaluate(ParentRunner.java:229)
	at org.junit.runners.ParentRunner.run(ParentRunner.java:309)
	at junit.framework.JUnit4TestAdapter.run(JUnit4TestAdapter.java:38)
	at org.apache.tools.ant.taskdefs.optional.junit.JUnitTestRunner.run(JUnitTestRunner.java:520)
	at org.apache.tools.ant.taskdefs.optional.junit.JUnitTask.executeInVM(JUnitTask.java:1492)
	at org.apache.tools.ant.taskdefs.optional.junit.JUnitTask.executeTests(JUnitTask.java:878)
	at org.apache.tools.ant.taskdefs.optional.junit.JUnitTask.executeOrQueue(JUnitTask.java:1980)
	at org.apache.tools.ant.taskdefs.optional.junit.JUnitTask.executeTests(JUnitTask.java:830)
	at org.apache.tools.ant.taskdefs.optional.junit.JUnitTask.execute(JUnitTask.java:2287)
	at org.apache.tools.ant.UnknownElement.execute(UnknownElement.java:291)
	at jdk.internal.reflect.GeneratedMethodAccessor4.invoke(Unknown Source)
	at java.base/jdk.internal.reflect.DelegatingMethodAccessorImpl.invoke(DelegatingMethodAccessorImpl.java:43)
	at java.base/java.lang.reflect.Method.invoke(Method.java:566)
	at org.apache.tools.ant.dispatch.DispatchUtils.execute(DispatchUtils.java:106)
	at org.apache.tools.ant.Task.perform(Task.java:348)
	at org.apache.tools.ant.Target.execute(Target.java:392)
	at org.apache.tools.ant.Target.performTasks(Target.java:413)
	at org.apache.tools.ant.Project.executeSortedTargets(Project.java:1399)
	at org.apache.tools.ant.Project.executeTarget(Project.java:1368)
	at org.apache.tools.ant.helper.DefaultExecutor.executeTargets(DefaultExecutor.java:41)
	at org.apache.tools.ant.Project.executeTargets(Project.java:1251)
	at org.apache.tools.ant.Main.runBuild(Main.java:811)
	at org.apache.tools.ant.Main.startAnt(Main.java:217)
	at org.apache.tools.ant.launch.Launcher.run(Launcher.java:280)
	at org.apache.tools.ant.launch.Launcher.main(Launcher.java:109)
--- org.mockitousage.configuration.ClassCacheVersusClassReloadingTest::should_throw_ClassCastException_on_second_call
java.lang.NoClassDefFoundError: org/hamcrest/Matcher
	at org.mockitousage.configuration.ClassCacheVersusClassReloadingTest$DoTheMocking.call(ClassCacheVersusClassReloadingTest.java:72)
	at org.mockitousage.configuration.ClassCacheVersusClassReloadingTest$SimplePerRealmReloadingClassLoader.doInRealm(ClassCacheVersusClassReloadingTest.java:160)
	at org.mockitousage.configuration.ClassCacheVersusClassReloadingTest.doInNewChildRealm(ClassCacheVersusClassReloadingTest.java:78)
	at org.mockitousage.configuration.ClassCacheVersusClassReloadingTest.should_throw_ClassCastException_on_second_call(ClassCacheVersusClassReloadingTest.java:29)
	at java.base/jdk.internal.reflect.NativeMethodAccessorImpl.invoke0(Native Method)
	at java.base/jdk.internal.reflect.NativeMethodAccessorImpl.invoke(NativeMethodAccessorImpl.java:62)
	at java.base/jdk.internal.reflect.DelegatingMethodAccessorImpl.invoke(DelegatingMethodAccessorImpl.java:43)
	at java.base/java.lang.reflect.Method.invoke(Method.java:566)
	at org.junit.runners.model.FrameworkMethod$1.runReflectiveCall(FrameworkMethod.java:47)
	at org.junit.internal.runners.model.ReflectiveCallable.run(ReflectiveCallable.java:12)
	at org.junit.runners.model.FrameworkMethod.invokeExplosively(FrameworkMethod.java:44)
	at org.junit.internal.runners.statements.InvokeMethod.evaluate(InvokeMethod.java:17)
	at org.junit.runners.ParentRunner.runLeaf(ParentRunner.java:271)
	at org.junit.runners.BlockJUnit4ClassRunner.runChild(BlockJUnit4ClassRunner.java:70)
	at org.junit.runners.BlockJUnit4ClassRunner.runChild(BlockJUnit4ClassRunner.java:50)
	at org.junit.runners.ParentRunner$3.run(ParentRunner.java:238)
	at org.junit.runners.ParentRunner$1.schedule(ParentRunner.java:63)
	at org.junit.runners.ParentRunner.runChildren(ParentRunner.java:236)
	at org.junit.runners.ParentRunner.access$000(ParentRunner.java:53)
	at org.junit.runners.ParentRunner$2.evaluate(ParentRunner.java:229)
	at org.junit.runners.ParentRunner.run(ParentRunner.java:309)
	at junit.framework.JUnit4TestAdapter.run(JUnit4TestAdapter.java:38)
	at org.apache.tools.ant.taskdefs.optional.junit.JUnitTestRunner.run(JUnitTestRunner.java:520)
	at org.apache.tools.ant.taskdefs.optional.junit.JUnitTask.executeInVM(JUnitTask.java:1492)
	at org.apache.tools.ant.taskdefs.optional.junit.JUnitTask.executeTests(JUnitTask.java:878)
	at org.apache.tools.ant.taskdefs.optional.junit.JUnitTask.executeOrQueue(JUnitTask.java:1980)
	at org.apache.tools.ant.taskdefs.optional.junit.JUnitTask.executeTests(JUnitTask.java:830)
	at org.apache.tools.ant.taskdefs.optional.junit.JUnitTask.execute(JUnitTask.java:2287)
	at org.apache.tools.ant.UnknownElement.execute(UnknownElement.java:291)
	at jdk.internal.reflect.GeneratedMethodAccessor4.invoke(Unknown Source)
	at java.base/jdk.internal.reflect.DelegatingMethodAccessorImpl.invoke(DelegatingMethodAccessorImpl.java:43)
	at java.base/java.lang.reflect.Method.invoke(Method.java:566)
	at org.apache.tools.ant.dispatch.DispatchUtils.execute(DispatchUtils.java:106)
	at org.apache.tools.ant.Task.perform(Task.java:348)
	at org.apache.tools.ant.Target.execute(Target.java:392)
	at org.apache.tools.ant.Target.performTasks(Target.java:413)
	at org.apache.tools.ant.Project.executeSortedTargets(Project.java:1399)
	at org.apache.tools.ant.Project.executeTarget(Project.java:1368)
	at org.apache.tools.ant.helper.DefaultExecutor.executeTargets(DefaultExecutor.java:41)
	at org.apache.tools.ant.Project.executeTargets(Project.java:1251)
	at org.apache.tools.ant.Main.runBuild(Main.java:811)
	at org.apache.tools.ant.Main.startAnt(Main.java:217)
	at org.apache.tools.ant.launch.Launcher.run(Launcher.java:280)
	at org.apache.tools.ant.launch.Launcher.main(Launcher.java:109)
Caused by: java.lang.ClassNotFoundException: org.hamcrest.Matcher
	at java.base/java.net.URLClassLoader.findClass(URLClassLoader.java:471)
	at java.base/java.lang.ClassLoader.loadClass(ClassLoader.java:588)
	at java.base/java.lang.ClassLoader.loadClass(ClassLoader.java:521)
	at org.mockitousage.configuration.ClassCacheVersusClassReloadingTest$SimplePerRealmReloadingClassLoader.loadClass(ClassCacheVersusClassReloadingTest.java:155)
	... 44 more
--- org.mockitousage.configuration.ClassCacheVersusClassReloadingTest::should_not_throw_ClassCastException_when_objenesis_cache_disabled
java.lang.NoClassDefFoundError: org/hamcrest/Matcher
	at java.base/java.lang.Class.forName0(Native Method)
	at java.base/java.lang.Class.forName(Class.java:315)
	at org.mockitousage.configuration.ClassCacheVersusClassReloadingTest$PrepareMockito.call(ClassCacheVersusClassReloadingTest.java:96)
	at org.mockitousage.configuration.ClassCacheVersusClassReloadingTest$SimplePerRealmReloadingClassLoader.doInRealm(ClassCacheVersusClassReloadingTest.java:160)
	at org.mockitousage.configuration.ClassCacheVersusClassReloadingTest.prepareMockitoAndDisableObjenesisCache(ClassCacheVersusClassReloadingTest.java:91)
	at org.mockitousage.configuration.ClassCacheVersusClassReloadingTest.should_not_throw_ClassCastException_when_objenesis_cache_disabled(ClassCacheVersusClassReloadingTest.java:47)
	at java.base/jdk.internal.reflect.NativeMethodAccessorImpl.invoke0(Native Method)
	at java.base/jdk.internal.reflect.NativeMethodAccessorImpl.invoke(NativeMethodAccessorImpl.java:62)
	at java.base/jdk.internal.reflect.DelegatingMethodAccessorImpl.invoke(DelegatingMethodAccessorImpl.java:43)
	at java.base/java.lang.reflect.Method.invoke(Method.java:566)
	at org.junit.runners.model.FrameworkMethod$1.runReflectiveCall(FrameworkMethod.java:47)
	at org.junit.internal.runners.model.ReflectiveCallable.run(ReflectiveCallable.java:12)
	at org.junit.runners.model.FrameworkMethod.invokeExplosively(FrameworkMethod.java:44)
	at org.junit.internal.runners.statements.InvokeMethod.evaluate(InvokeMethod.java:17)
	at org.junit.runners.ParentRunner.runLeaf(ParentRunner.java:271)
	at org.junit.runners.BlockJUnit4ClassRunner.runChild(BlockJUnit4ClassRunner.java:70)
	at org.junit.runners.BlockJUnit4ClassRunner.runChild(BlockJUnit4ClassRunner.java:50)
	at org.junit.runners.ParentRunner$3.run(ParentRunner.java:238)
	at org.junit.runners.ParentRunner$1.schedule(ParentRunner.java:63)
	at org.junit.runners.ParentRunner.runChildren(ParentRunner.java:236)
	at org.junit.runners.ParentRunner.access$000(ParentRunner.java:53)
	at org.junit.runners.ParentRunner$2.evaluate(ParentRunner.java:229)
	at org.junit.runners.ParentRunner.run(ParentRunner.java:309)
	at junit.framework.JUnit4TestAdapter.run(JUnit4TestAdapter.java:38)
	at org.apache.tools.ant.taskdefs.optional.junit.JUnitTestRunner.run(JUnitTestRunner.java:520)
	at org.apache.tools.ant.taskdefs.optional.junit.JUnitTask.executeInVM(JUnitTask.java:1492)
	at org.apache.tools.ant.taskdefs.optional.junit.JUnitTask.executeTests(JUnitTask.java:878)
	at org.apache.tools.ant.taskdefs.optional.junit.JUnitTask.executeOrQueue(JUnitTask.java:1980)
	at org.apache.tools.ant.taskdefs.optional.junit.JUnitTask.executeTests(JUnitTask.java:830)
	at org.apache.tools.ant.taskdefs.optional.junit.JUnitTask.execute(JUnitTask.java:2287)
	at org.apache.tools.ant.UnknownElement.execute(UnknownElement.java:291)
	at jdk.internal.reflect.GeneratedMethodAccessor4.invoke(Unknown Source)
	at java.base/jdk.internal.reflect.DelegatingMethodAccessorImpl.invoke(DelegatingMethodAccessorImpl.java:43)
	at java.base/java.lang.reflect.Method.invoke(Method.java:566)
	at org.apache.tools.ant.dispatch.DispatchUtils.execute(DispatchUtils.java:106)
	at org.apache.tools.ant.Task.perform(Task.java:348)
	at org.apache.tools.ant.Target.execute(Target.java:392)
	at org.apache.tools.ant.Target.performTasks(Target.java:413)
	at org.apache.tools.ant.Project.executeSortedTargets(Project.java:1399)
	at org.apache.tools.ant.Project.executeTarget(Project.java:1368)
	at org.apache.tools.ant.helper.DefaultExecutor.executeTargets(DefaultExecutor.java:41)
	at org.apache.tools.ant.Project.executeTargets(Project.java:1251)
	at org.apache.tools.ant.Main.runBuild(Main.java:811)
	at org.apache.tools.ant.Main.startAnt(Main.java:217)
	at org.apache.tools.ant.launch.Launcher.run(Launcher.java:280)
	at org.apache.tools.ant.launch.Launcher.main(Launcher.java:109)
Caused by: java.lang.ClassNotFoundException: org.hamcrest.Matcher
	at java.base/java.net.URLClassLoader.findClass(URLClassLoader.java:471)
	at java.base/java.lang.ClassLoader.loadClass(ClassLoader.java:588)
	at java.base/java.lang.ClassLoader.loadClass(ClassLoader.java:521)
	at org.mockitousage.configuration.ClassCacheVersusClassReloadingTest$SimplePerRealmReloadingClassLoader.loadClass(ClassCacheVersusClassReloadingTest.java:155)
	... 46 more
--- org.mockitousage.verification.VerificationInOrderWithCallsTest::shouldNotVerifySkippedCallsInInOrderWhenFewerCallsForDifferentMethods
junit.framework.AssertionFailedError: 
No interactions wanted here:
-> at org.mockitousage.verification.VerificationInOrderWithCallsTest.shouldNotVerifySkippedCallsInInOrderWhenFewerCallsForDifferentMethods(VerificationInOrderWithCallsTest.java:306)
But found this interaction:
-> at org.mockitousage.verification.VerificationInOrderWithCallsTest.shouldNotVerifySkippedCallsInInOrderWhenFewerCallsForDifferentMethods(VerificationInOrderWithCallsTest.java:296)

	at org.mockito.exceptions.Reporter.noMoreInteractionsWantedInOrder(Reporter.java:429)
	at org.mockito.internal.verification.NoMoreInteractions.verifyInOrder(NoMoreInteractions.java:33)
	at org.mockito.internal.MockitoCore.verifyNoMoreInteractionsInOrder(MockitoCore.java:116)
	at org.mockito.internal.InOrderImpl.verifyNoMoreInteractions(InOrderImpl.java:62)
	at org.mockitousage.verification.VerificationInOrderWithCallsTest.shouldNotVerifySkippedCallsInInOrderWhenFewerCallsForDifferentMethods(VerificationInOrderWithCallsTest.java:306)
	at java.base/jdk.internal.reflect.NativeMethodAccessorImpl.invoke0(Native Method)
	at java.base/jdk.internal.reflect.NativeMethodAccessorImpl.invoke(NativeMethodAccessorImpl.java:62)
	at java.base/jdk.internal.reflect.DelegatingMethodAccessorImpl.invoke(DelegatingMethodAccessorImpl.java:43)
	at java.base/java.lang.reflect.Method.invoke(Method.java:566)
	at org.junit.runners.model.FrameworkMethod$1.runReflectiveCall(FrameworkMethod.java:47)
	at org.junit.internal.runners.model.ReflectiveCallable.run(ReflectiveCallable.java:12)
	at org.junit.runners.model.FrameworkMethod.invokeExplosively(FrameworkMethod.java:44)
	at org.junit.internal.runners.statements.InvokeMethod.evaluate(InvokeMethod.java:17)
	at org.junit.internal.runners.statements.RunBefores.evaluate(RunBefores.java:26)
	at org.junit.internal.runners.statements.RunAfters.evaluate(RunAfters.java:27)
	at org.junit.rules.ExpectedException$ExpectedExceptionStatement.evaluate(ExpectedException.java:168)
	at org.junit.rules.RunRules.evaluate(RunRules.java:20)
	at org.junit.runners.ParentRunner.runLeaf(ParentRunner.java:271)
	at org.junit.runners.BlockJUnit4ClassRunner.runChild(BlockJUnit4ClassRunner.java:70)
	at org.junit.runners.BlockJUnit4ClassRunner.runChild(BlockJUnit4ClassRunner.java:50)
	at org.junit.runners.ParentRunner$3.run(ParentRunner.java:238)
	at org.junit.runners.ParentRunner$1.schedule(ParentRunner.java:63)
	at org.junit.runners.ParentRunner.runChildren(ParentRunner.java:236)
	at org.junit.runners.ParentRunner.access$000(ParentRunner.java:53)
	at org.junit.runners.ParentRunner$2.evaluate(ParentRunner.java:229)
	at org.junit.runners.ParentRunner.run(ParentRunner.java:309)
	at junit.framework.JUnit4TestAdapter.run(JUnit4TestAdapter.java:38)
	at org.apache.tools.ant.taskdefs.optional.junit.JUnitTestRunner.run(JUnitTestRunner.java:520)
	at org.apache.tools.ant.taskdefs.optional.junit.JUnitTask.executeInVM(JUnitTask.java:1492)
	at org.apache.tools.ant.taskdefs.optional.junit.JUnitTask.executeTests(JUnitTask.java:878)
	at org.apache.tools.ant.taskdefs.optional.junit.JUnitTask.executeOrQueue(JUnitTask.java:1980)
	at org.apache.tools.ant.taskdefs.optional.junit.JUnitTask.executeTests(JUnitTask.java:830)
	at org.apache.tools.ant.taskdefs.optional.junit.JUnitTask.execute(JUnitTask.java:2287)
	at org.apache.tools.ant.UnknownElement.execute(UnknownElement.java:291)
	at jdk.internal.reflect.GeneratedMethodAccessor4.invoke(Unknown Source)
	at java.base/jdk.internal.reflect.DelegatingMethodAccessorImpl.invoke(DelegatingMethodAccessorImpl.java:43)
	at java.base/java.lang.reflect.Method.invoke(Method.java:566)
	at org.apache.tools.ant.dispatch.DispatchUtils.execute(DispatchUtils.java:106)
	at org.apache.tools.ant.Task.perform(Task.java:348)
	at org.apache.tools.ant.Target.execute(Target.java:392)
	at org.apache.tools.ant.Target.performTasks(Target.java:413)
	at org.apache.tools.ant.Project.executeSortedTargets(Project.java:1399)
	at org.apache.tools.ant.Project.executeTarget(Project.java:1368)
	at org.apache.tools.ant.helper.DefaultExecutor.executeTargets(DefaultExecutor.java:41)
	at org.apache.tools.ant.Project.executeTargets(Project.java:1251)
	at org.apache.tools.ant.Main.runBuild(Main.java:811)
	at org.apache.tools.ant.Main.startAnt(Main.java:217)
	at org.apache.tools.ant.launch.Launcher.run(Launcher.java:280)
	at org.apache.tools.ant.launch.Launcher.main(Launcher.java:109)
--- org.mockitousage.verification.VerificationInOrderWithCallsTest::shouldFailWhenSingleMethodCallsAreOutOfSequence
junit.framework.AssertionFailedError: 
Verification in order failure
Wanted but not invoked:
mockOne.oneArg(1);
-> at org.mockitousage.verification.VerificationInOrderWithCallsTest.shouldFailWhenSingleMethodCallsAreOutOfSequence(VerificationInOrderWithCallsTest.java:81)
Wanted anywhere AFTER following interaction:
mockOne.oneArg(2);
-> at org.mockitousage.verification.VerificationInOrderWithCallsTest.shouldFailWhenSingleMethodCallsAreOutOfSequence(VerificationInOrderWithCallsTest.java:70)

	at org.mockito.exceptions.Reporter.wantedButNotInvokedInOrder(Reporter.java:339)
	at org.mockito.internal.verification.checkers.MissingInvocationInOrderChecker.check(MissingInvocationInOrderChecker.java:63)
	at org.mockito.internal.verification.Calls.verifyInOrder(Calls.java:39)
	at org.mockito.internal.verification.InOrderWrapper.verify(InOrderWrapper.java:30)
	at org.mockito.internal.verification.MockAwareVerificationMode.verify(MockAwareVerificationMode.java:21)
	at org.mockito.internal.handler.MockHandlerImpl.handle(MockHandlerImpl.java:72)
	at org.mockito.internal.handler.NullResultGuardian.handle(NullResultGuardian.java:29)
	at org.mockito.internal.handler.InvocationNotifierHandler.handle(InvocationNotifierHandler.java:38)
	at org.mockito.internal.creation.MethodInterceptorFilter.intercept(MethodInterceptorFilter.java:51)
	at org.mockitousage.IMethods$$EnhancerByMockitoWithCGLIB$$94eb271e.oneArg(<generated>)
	at org.mockitousage.verification.VerificationInOrderWithCallsTest.shouldFailWhenSingleMethodCallsAreOutOfSequence(VerificationInOrderWithCallsTest.java:81)
	at java.base/jdk.internal.reflect.NativeMethodAccessorImpl.invoke0(Native Method)
	at java.base/jdk.internal.reflect.NativeMethodAccessorImpl.invoke(NativeMethodAccessorImpl.java:62)
	at java.base/jdk.internal.reflect.DelegatingMethodAccessorImpl.invoke(DelegatingMethodAccessorImpl.java:43)
	at java.base/java.lang.reflect.Method.invoke(Method.java:566)
	at org.junit.runners.model.FrameworkMethod$1.runReflectiveCall(FrameworkMethod.java:47)
	at org.junit.internal.runners.model.ReflectiveCallable.run(ReflectiveCallable.java:12)
	at org.junit.runners.model.FrameworkMethod.invokeExplosively(FrameworkMethod.java:44)
	at org.junit.internal.runners.statements.InvokeMethod.evaluate(InvokeMethod.java:17)
	at org.junit.internal.runners.statements.RunBefores.evaluate(RunBefores.java:26)
	at org.junit.internal.runners.statements.RunAfters.evaluate(RunAfters.java:27)
	at org.junit.rules.ExpectedException$ExpectedExceptionStatement.evaluate(ExpectedException.java:168)
	at org.junit.rules.RunRules.evaluate(RunRules.java:20)
	at org.junit.runners.ParentRunner.runLeaf(ParentRunner.java:271)
	at org.junit.runners.BlockJUnit4ClassRunner.runChild(BlockJUnit4ClassRunner.java:70)
	at org.junit.runners.BlockJUnit4ClassRunner.runChild(BlockJUnit4ClassRunner.java:50)
	at org.junit.runners.ParentRunner$3.run(ParentRunner.java:238)
	at org.junit.runners.ParentRunner$1.schedule(ParentRunner.java:63)
	at org.junit.runners.ParentRunner.runChildren(ParentRunner.java:236)
	at org.junit.runners.ParentRunner.access$000(ParentRunner.java:53)
	at org.junit.runners.ParentRunner$2.evaluate(ParentRunner.java:229)
	at org.junit.runners.ParentRunner.run(ParentRunner.java:309)
	at junit.framework.JUnit4TestAdapter.run(JUnit4TestAdapter.java:38)
	at org.apache.tools.ant.taskdefs.optional.junit.JUnitTestRunner.run(JUnitTestRunner.java:520)
	at org.apache.tools.ant.taskdefs.optional.junit.JUnitTask.executeInVM(JUnitTask.java:1492)
	at org.apache.tools.ant.taskdefs.optional.junit.JUnitTask.executeTests(JUnitTask.java:878)
	at org.apache.tools.ant.taskdefs.optional.junit.JUnitTask.executeOrQueue(JUnitTask.java:1980)
	at org.apache.tools.ant.taskdefs.optional.junit.JUnitTask.executeTests(JUnitTask.java:830)
	at org.apache.tools.ant.taskdefs.optional.junit.JUnitTask.execute(JUnitTask.java:2287)
	at org.apache.tools.ant.UnknownElement.execute(UnknownElement.java:291)
	at jdk.internal.reflect.GeneratedMethodAccessor4.invoke(Unknown Source)
	at java.base/jdk.internal.reflect.DelegatingMethodAccessorImpl.invoke(DelegatingMethodAccessorImpl.java:43)
	at java.base/java.lang.reflect.Method.invoke(Method.java:566)
	at org.apache.tools.ant.dispatch.DispatchUtils.execute(DispatchUtils.java:106)
	at org.apache.tools.ant.Task.perform(Task.java:348)
	at org.apache.tools.ant.Target.execute(Target.java:392)
	at org.apache.tools.ant.Target.performTasks(Target.java:413)
	at org.apache.tools.ant.Project.executeSortedTargets(Project.java:1399)
	at org.apache.tools.ant.Project.executeTarget(Project.java:1368)
	at org.apache.tools.ant.helper.DefaultExecutor.executeTargets(DefaultExecutor.java:41)
	at org.apache.tools.ant.Project.executeTargets(Project.java:1251)
	at org.apache.tools.ant.Main.runBuild(Main.java:811)
	at org.apache.tools.ant.Main.startAnt(Main.java:217)
	at org.apache.tools.ant.launch.Launcher.run(Launcher.java:280)
	at org.apache.tools.ant.launch.Launcher.main(Launcher.java:109)
--- org.mockitousage.verification.VerificationInOrderWithCallsTest::shouldNotVerifySkippedCallsWhenFewerCallsForMethodsOnDifferentMocks
junit.framework.AssertionFailedError: 
No interactions wanted here:
-> at org.mockitousage.verification.VerificationInOrderWithCallsTest.shouldNotVerifySkippedCallsWhenFewerCallsForMethodsOnDifferentMocks(VerificationInOrderWithCallsTest.java:347)
But found this interaction:
-> at org.mockitousage.verification.VerificationInOrderWithCallsTest.shouldNotVerifySkippedCallsWhenFewerCallsForMethodsOnDifferentMocks(VerificationInOrderWithCallsTest.java:336)
***
For your reference, here is the list of all invocations ([?] - means unverified).
1. -> at org.mockitousage.verification.VerificationInOrderWithCallsTest.shouldNotVerifySkippedCallsWhenFewerCallsForMethodsOnDifferentMocks(VerificationInOrderWithCallsTest.java:335)
2. [?]-> at org.mockitousage.verification.VerificationInOrderWithCallsTest.shouldNotVerifySkippedCallsWhenFewerCallsForMethodsOnDifferentMocks(VerificationInOrderWithCallsTest.java:336)

	at org.mockito.exceptions.Reporter.noMoreInteractionsWanted(Reporter.java:419)
	at org.mockito.internal.verification.NoMoreInteractions.verify(NoMoreInteractions.java:24)
	at org.mockito.internal.MockitoCore.verifyNoMoreInteractions(MockitoCore.java:105)
	at org.mockito.Mockito.verifyNoMoreInteractions(Mockito.java:1576)
	at org.mockitousage.verification.VerificationInOrderWithCallsTest.shouldNotVerifySkippedCallsWhenFewerCallsForMethodsOnDifferentMocks(VerificationInOrderWithCallsTest.java:347)
	at java.base/jdk.internal.reflect.NativeMethodAccessorImpl.invoke0(Native Method)
	at java.base/jdk.internal.reflect.NativeMethodAccessorImpl.invoke(NativeMethodAccessorImpl.java:62)
	at java.base/jdk.internal.reflect.DelegatingMethodAccessorImpl.invoke(DelegatingMethodAccessorImpl.java:43)
	at java.base/java.lang.reflect.Method.invoke(Method.java:566)
	at org.junit.runners.model.FrameworkMethod$1.runReflectiveCall(FrameworkMethod.java:47)
	at org.junit.internal.runners.model.ReflectiveCallable.run(ReflectiveCallable.java:12)
	at org.junit.runners.model.FrameworkMethod.invokeExplosively(FrameworkMethod.java:44)
	at org.junit.internal.runners.statements.InvokeMethod.evaluate(InvokeMethod.java:17)
	at org.junit.internal.runners.statements.RunBefores.evaluate(RunBefores.java:26)
	at org.junit.internal.runners.statements.RunAfters.evaluate(RunAfters.java:27)
	at org.junit.rules.ExpectedException$ExpectedExceptionStatement.evaluate(ExpectedException.java:168)
	at org.junit.rules.RunRules.evaluate(RunRules.java:20)
	at org.junit.runners.ParentRunner.runLeaf(ParentRunner.java:271)
	at org.junit.runners.BlockJUnit4ClassRunner.runChild(BlockJUnit4ClassRunner.java:70)
	at org.junit.runners.BlockJUnit4ClassRunner.runChild(BlockJUnit4ClassRunner.java:50)
	at org.junit.runners.ParentRunner$3.run(ParentRunner.java:238)
	at org.junit.runners.ParentRunner$1.schedule(ParentRunner.java:63)
	at org.junit.runners.ParentRunner.runChildren(ParentRunner.java:236)
	at org.junit.runners.ParentRunner.access$000(ParentRunner.java:53)
	at org.junit.runners.ParentRunner$2.evaluate(ParentRunner.java:229)
	at org.junit.runners.ParentRunner.run(ParentRunner.java:309)
	at junit.framework.JUnit4TestAdapter.run(JUnit4TestAdapter.java:38)
	at org.apache.tools.ant.taskdefs.optional.junit.JUnitTestRunner.run(JUnitTestRunner.java:520)
	at org.apache.tools.ant.taskdefs.optional.junit.JUnitTask.executeInVM(JUnitTask.java:1492)
	at org.apache.tools.ant.taskdefs.optional.junit.JUnitTask.executeTests(JUnitTask.java:878)
	at org.apache.tools.ant.taskdefs.optional.junit.JUnitTask.executeOrQueue(JUnitTask.java:1980)
	at org.apache.tools.ant.taskdefs.optional.junit.JUnitTask.executeTests(JUnitTask.java:830)
	at org.apache.tools.ant.taskdefs.optional.junit.JUnitTask.execute(JUnitTask.java:2287)
	at org.apache.tools.ant.UnknownElement.execute(UnknownElement.java:291)
	at jdk.internal.reflect.GeneratedMethodAccessor4.invoke(Unknown Source)
	at java.base/jdk.internal.reflect.DelegatingMethodAccessorImpl.invoke(DelegatingMethodAccessorImpl.java:43)
	at java.base/java.lang.reflect.Method.invoke(Method.java:566)
	at org.apache.tools.ant.dispatch.DispatchUtils.execute(DispatchUtils.java:106)
	at org.apache.tools.ant.Task.perform(Task.java:348)
	at org.apache.tools.ant.Target.execute(Target.java:392)
	at org.apache.tools.ant.Target.performTasks(Target.java:413)
	at org.apache.tools.ant.Project.executeSortedTargets(Project.java:1399)
	at org.apache.tools.ant.Project.executeTarget(Project.java:1368)
	at org.apache.tools.ant.helper.DefaultExecutor.executeTargets(DefaultExecutor.java:41)
	at org.apache.tools.ant.Project.executeTargets(Project.java:1251)
	at org.apache.tools.ant.Main.runBuild(Main.java:811)
	at org.apache.tools.ant.Main.startAnt(Main.java:217)
	at org.apache.tools.ant.launch.Launcher.run(Launcher.java:280)
	at org.apache.tools.ant.launch.Launcher.main(Launcher.java:109)
--- org.mockitousage.verification.VerificationInOrderWithCallsTest::shouldFailWhenMethodCallsOnDifferentMocksAreOutOfSequence
junit.framework.AssertionFailedError: 
Verification in order failure
Wanted but not invoked:
mockOne.voidMethod();
-> at org.mockitousage.verification.VerificationInOrderWithCallsTest.shouldFailWhenMethodCallsOnDifferentMocksAreOutOfSequence(VerificationInOrderWithCallsTest.java:121)
Wanted anywhere AFTER following interaction:
mockTwo.voidMethod();
-> at org.mockitousage.verification.VerificationInOrderWithCallsTest.shouldFailWhenMethodCallsOnDifferentMocksAreOutOfSequence(VerificationInOrderWithCallsTest.java:110)

	at org.mockito.exceptions.Reporter.wantedButNotInvokedInOrder(Reporter.java:339)
	at org.mockito.internal.verification.checkers.MissingInvocationInOrderChecker.check(MissingInvocationInOrderChecker.java:63)
	at org.mockito.internal.verification.Calls.verifyInOrder(Calls.java:39)
	at org.mockito.internal.verification.InOrderWrapper.verify(InOrderWrapper.java:30)
	at org.mockito.internal.verification.MockAwareVerificationMode.verify(MockAwareVerificationMode.java:21)
	at org.mockito.internal.handler.MockHandlerImpl.handle(MockHandlerImpl.java:72)
	at org.mockito.internal.handler.NullResultGuardian.handle(NullResultGuardian.java:29)
	at org.mockito.internal.handler.InvocationNotifierHandler.handle(InvocationNotifierHandler.java:38)
	at org.mockito.internal.creation.MethodInterceptorFilter.intercept(MethodInterceptorFilter.java:51)
	at org.mockitousage.IMethods$$EnhancerByMockitoWithCGLIB$$94eb271e.voidMethod(<generated>)
	at org.mockitousage.verification.VerificationInOrderWithCallsTest.shouldFailWhenMethodCallsOnDifferentMocksAreOutOfSequence(VerificationInOrderWithCallsTest.java:121)
	at java.base/jdk.internal.reflect.NativeMethodAccessorImpl.invoke0(Native Method)
	at java.base/jdk.internal.reflect.NativeMethodAccessorImpl.invoke(NativeMethodAccessorImpl.java:62)
	at java.base/jdk.internal.reflect.DelegatingMethodAccessorImpl.invoke(DelegatingMethodAccessorImpl.java:43)
	at java.base/java.lang.reflect.Method.invoke(Method.java:566)
	at org.junit.runners.model.FrameworkMethod$1.runReflectiveCall(FrameworkMethod.java:47)
	at org.junit.internal.runners.model.ReflectiveCallable.run(ReflectiveCallable.java:12)
	at org.junit.runners.model.FrameworkMethod.invokeExplosively(FrameworkMethod.java:44)
	at org.junit.internal.runners.statements.InvokeMethod.evaluate(InvokeMethod.java:17)
	at org.junit.internal.runners.statements.RunBefores.evaluate(RunBefores.java:26)
	at org.junit.internal.runners.statements.RunAfters.evaluate(RunAfters.java:27)
	at org.junit.rules.ExpectedException$ExpectedExceptionStatement.evaluate(ExpectedException.java:168)
	at org.junit.rules.RunRules.evaluate(RunRules.java:20)
	at org.junit.runners.ParentRunner.runLeaf(ParentRunner.java:271)
	at org.junit.runners.BlockJUnit4ClassRunner.runChild(BlockJUnit4ClassRunner.java:70)
	at org.junit.runners.BlockJUnit4ClassRunner.runChild(BlockJUnit4ClassRunner.java:50)
	at org.junit.runners.ParentRunner$3.run(ParentRunner.java:238)
	at org.junit.runners.ParentRunner$1.schedule(ParentRunner.java:63)
	at org.junit.runners.ParentRunner.runChildren(ParentRunner.java:236)
	at org.junit.runners.ParentRunner.access$000(ParentRunner.java:53)
	at org.junit.runners.ParentRunner$2.evaluate(ParentRunner.java:229)
	at org.junit.runners.ParentRunner.run(ParentRunner.java:309)
	at junit.framework.JUnit4TestAdapter.run(JUnit4TestAdapter.java:38)
	at org.apache.tools.ant.taskdefs.optional.junit.JUnitTestRunner.run(JUnitTestRunner.java:520)
	at org.apache.tools.ant.taskdefs.optional.junit.JUnitTask.executeInVM(JUnitTask.java:1492)
	at org.apache.tools.ant.taskdefs.optional.junit.JUnitTask.executeTests(JUnitTask.java:878)
	at org.apache.tools.ant.taskdefs.optional.junit.JUnitTask.executeOrQueue(JUnitTask.java:1980)
	at org.apache.tools.ant.taskdefs.optional.junit.JUnitTask.executeTests(JUnitTask.java:830)
	at org.apache.tools.ant.taskdefs.optional.junit.JUnitTask.execute(JUnitTask.java:2287)
	at org.apache.tools.ant.UnknownElement.execute(UnknownElement.java:291)
	at jdk.internal.reflect.GeneratedMethodAccessor4.invoke(Unknown Source)
	at java.base/jdk.internal.reflect.DelegatingMethodAccessorImpl.invoke(DelegatingMethodAccessorImpl.java:43)
	at java.base/java.lang.reflect.Method.invoke(Method.java:566)
	at org.apache.tools.ant.dispatch.DispatchUtils.execute(DispatchUtils.java:106)
	at org.apache.tools.ant.Task.perform(Task.java:348)
	at org.apache.tools.ant.Target.execute(Target.java:392)
	at org.apache.tools.ant.Target.performTasks(Target.java:413)
	at org.apache.tools.ant.Project.executeSortedTargets(Project.java:1399)
	at org.apache.tools.ant.Project.executeTarget(Project.java:1368)
	at org.apache.tools.ant.helper.DefaultExecutor.executeTargets(DefaultExecutor.java:41)
	at org.apache.tools.ant.Project.executeTargets(Project.java:1251)
	at org.apache.tools.ant.Main.runBuild(Main.java:811)
	at org.apache.tools.ant.Main.startAnt(Main.java:217)
	at org.apache.tools.ant.launch.Launcher.run(Launcher.java:280)
	at org.apache.tools.ant.launch.Launcher.main(Launcher.java:109)
--- org.mockitousage.verification.VerificationInOrderWithCallsTest::shouldNotVerifySkippedCallsWhenFewerCallsForSingleMethod
junit.framework.AssertionFailedError: 
No interactions wanted here:
-> at org.mockitousage.verification.VerificationInOrderWithCallsTest.shouldNotVerifySkippedCallsWhenFewerCallsForSingleMethod(VerificationInOrderWithCallsTest.java:225)
But found this interaction:
-> at org.mockitousage.verification.VerificationInOrderWithCallsTest.shouldNotVerifySkippedCallsWhenFewerCallsForSingleMethod(VerificationInOrderWithCallsTest.java:214)
***
For your reference, here is the list of all invocations ([?] - means unverified).
1. -> at org.mockitousage.verification.VerificationInOrderWithCallsTest.shouldNotVerifySkippedCallsWhenFewerCallsForSingleMethod(VerificationInOrderWithCallsTest.java:212)
2. -> at org.mockitousage.verification.VerificationInOrderWithCallsTest.shouldNotVerifySkippedCallsWhenFewerCallsForSingleMethod(VerificationInOrderWithCallsTest.java:213)
3. [?]-> at org.mockitousage.verification.VerificationInOrderWithCallsTest.shouldNotVerifySkippedCallsWhenFewerCallsForSingleMethod(VerificationInOrderWithCallsTest.java:214)
4. -> at org.mockitousage.verification.VerificationInOrderWithCallsTest.shouldNotVerifySkippedCallsWhenFewerCallsForSingleMethod(VerificationInOrderWithCallsTest.java:215)

	at org.mockito.exceptions.Reporter.noMoreInteractionsWanted(Reporter.java:419)
	at org.mockito.internal.verification.NoMoreInteractions.verify(NoMoreInteractions.java:24)
	at org.mockito.internal.MockitoCore.verifyNoMoreInteractions(MockitoCore.java:105)
	at org.mockito.Mockito.verifyNoMoreInteractions(Mockito.java:1576)
	at org.mockitousage.verification.VerificationInOrderWithCallsTest.shouldNotVerifySkippedCallsWhenFewerCallsForSingleMethod(VerificationInOrderWithCallsTest.java:225)
	at java.base/jdk.internal.reflect.NativeMethodAccessorImpl.invoke0(Native Method)
	at java.base/jdk.internal.reflect.NativeMethodAccessorImpl.invoke(NativeMethodAccessorImpl.java:62)
	at java.base/jdk.internal.reflect.DelegatingMethodAccessorImpl.invoke(DelegatingMethodAccessorImpl.java:43)
	at java.base/java.lang.reflect.Method.invoke(Method.java:566)
	at org.junit.runners.model.FrameworkMethod$1.runReflectiveCall(FrameworkMethod.java:47)
	at org.junit.internal.runners.model.ReflectiveCallable.run(ReflectiveCallable.java:12)
	at org.junit.runners.model.FrameworkMethod.invokeExplosively(FrameworkMethod.java:44)
	at org.junit.internal.runners.statements.InvokeMethod.evaluate(InvokeMethod.java:17)
	at org.junit.internal.runners.statements.RunBefores.evaluate(RunBefores.java:26)
	at org.junit.internal.runners.statements.RunAfters.evaluate(RunAfters.java:27)
	at org.junit.rules.ExpectedException$ExpectedExceptionStatement.evaluate(ExpectedException.java:168)
	at org.junit.rules.RunRules.evaluate(RunRules.java:20)
	at org.junit.runners.ParentRunner.runLeaf(ParentRunner.java:271)
	at org.junit.runners.BlockJUnit4ClassRunner.runChild(BlockJUnit4ClassRunner.java:70)
	at org.junit.runners.BlockJUnit4ClassRunner.runChild(BlockJUnit4ClassRunner.java:50)
	at org.junit.runners.ParentRunner$3.run(ParentRunner.java:238)
	at org.junit.runners.ParentRunner$1.schedule(ParentRunner.java:63)
	at org.junit.runners.ParentRunner.runChildren(ParentRunner.java:236)
	at org.junit.runners.ParentRunner.access$000(ParentRunner.java:53)
	at org.junit.runners.ParentRunner$2.evaluate(ParentRunner.java:229)
	at org.junit.runners.ParentRunner.run(ParentRunner.java:309)
	at junit.framework.JUnit4TestAdapter.run(JUnit4TestAdapter.java:38)
	at org.apache.tools.ant.taskdefs.optional.junit.JUnitTestRunner.run(JUnitTestRunner.java:520)
	at org.apache.tools.ant.taskdefs.optional.junit.JUnitTask.executeInVM(JUnitTask.java:1492)
	at org.apache.tools.ant.taskdefs.optional.junit.JUnitTask.executeTests(JUnitTask.java:878)
	at org.apache.tools.ant.taskdefs.optional.junit.JUnitTask.executeOrQueue(JUnitTask.java:1980)
	at org.apache.tools.ant.taskdefs.optional.junit.JUnitTask.executeTests(JUnitTask.java:830)
	at org.apache.tools.ant.taskdefs.optional.junit.JUnitTask.execute(JUnitTask.java:2287)
	at org.apache.tools.ant.UnknownElement.execute(UnknownElement.java:291)
	at jdk.internal.reflect.GeneratedMethodAccessor4.invoke(Unknown Source)
	at java.base/jdk.internal.reflect.DelegatingMethodAccessorImpl.invoke(DelegatingMethodAccessorImpl.java:43)
	at java.base/java.lang.reflect.Method.invoke(Method.java:566)
	at org.apache.tools.ant.dispatch.DispatchUtils.execute(DispatchUtils.java:106)
	at org.apache.tools.ant.Task.perform(Task.java:348)
	at org.apache.tools.ant.Target.execute(Target.java:392)
	at org.apache.tools.ant.Target.performTasks(Target.java:413)
	at org.apache.tools.ant.Project.executeSortedTargets(Project.java:1399)
	at org.apache.tools.ant.Project.executeTarget(Project.java:1368)
	at org.apache.tools.ant.helper.DefaultExecutor.executeTargets(DefaultExecutor.java:41)
	at org.apache.tools.ant.Project.executeTargets(Project.java:1251)
	at org.apache.tools.ant.Main.runBuild(Main.java:811)
	at org.apache.tools.ant.Main.startAnt(Main.java:217)
	at org.apache.tools.ant.launch.Launcher.run(Launcher.java:280)
	at org.apache.tools.ant.launch.Launcher.main(Launcher.java:109)
--- org.mockitousage.verification.VerificationInOrderWithCallsTest::shouldFailWhenDifferentMethodCallsAreOutOfSequence
junit.framework.AssertionFailedError: 
Verification in order failure
Wanted but not invoked:
mockOne.oneArg(1);
-> at org.mockitousage.verification.VerificationInOrderWithCallsTest.shouldFailWhenDifferentMethodCallsAreOutOfSequence(VerificationInOrderWithCallsTest.java:101)
Wanted anywhere AFTER following interaction:
mockOne.voidMethod();
-> at org.mockitousage.verification.VerificationInOrderWithCallsTest.shouldFailWhenDifferentMethodCallsAreOutOfSequence(VerificationInOrderWithCallsTest.java:90)

	at org.mockito.exceptions.Reporter.wantedButNotInvokedInOrder(Reporter.java:339)
	at org.mockito.internal.verification.checkers.MissingInvocationInOrderChecker.check(MissingInvocationInOrderChecker.java:63)
	at org.mockito.internal.verification.Calls.verifyInOrder(Calls.java:39)
	at org.mockito.internal.verification.InOrderWrapper.verify(InOrderWrapper.java:30)
	at org.mockito.internal.verification.MockAwareVerificationMode.verify(MockAwareVerificationMode.java:21)
	at org.mockito.internal.handler.MockHandlerImpl.handle(MockHandlerImpl.java:72)
	at org.mockito.internal.handler.NullResultGuardian.handle(NullResultGuardian.java:29)
	at org.mockito.internal.handler.InvocationNotifierHandler.handle(InvocationNotifierHandler.java:38)
	at org.mockito.internal.creation.MethodInterceptorFilter.intercept(MethodInterceptorFilter.java:51)
	at org.mockitousage.IMethods$$EnhancerByMockitoWithCGLIB$$94eb271e.oneArg(<generated>)
	at org.mockitousage.verification.VerificationInOrderWithCallsTest.shouldFailWhenDifferentMethodCallsAreOutOfSequence(VerificationInOrderWithCallsTest.java:101)
	at java.base/jdk.internal.reflect.NativeMethodAccessorImpl.invoke0(Native Method)
	at java.base/jdk.internal.reflect.NativeMethodAccessorImpl.invoke(NativeMethodAccessorImpl.java:62)
	at java.base/jdk.internal.reflect.DelegatingMethodAccessorImpl.invoke(DelegatingMethodAccessorImpl.java:43)
	at java.base/java.lang.reflect.Method.invoke(Method.java:566)
	at org.junit.runners.model.FrameworkMethod$1.runReflectiveCall(FrameworkMethod.java:47)
	at org.junit.internal.runners.model.ReflectiveCallable.run(ReflectiveCallable.java:12)
	at org.junit.runners.model.FrameworkMethod.invokeExplosively(FrameworkMethod.java:44)
	at org.junit.internal.runners.statements.InvokeMethod.evaluate(InvokeMethod.java:17)
	at org.junit.internal.runners.statements.RunBefores.evaluate(RunBefores.java:26)
	at org.junit.internal.runners.statements.RunAfters.evaluate(RunAfters.java:27)
	at org.junit.rules.ExpectedException$ExpectedExceptionStatement.evaluate(ExpectedException.java:168)
	at org.junit.rules.RunRules.evaluate(RunRules.java:20)
	at org.junit.runners.ParentRunner.runLeaf(ParentRunner.java:271)
	at org.junit.runners.BlockJUnit4ClassRunner.runChild(BlockJUnit4ClassRunner.java:70)
	at org.junit.runners.BlockJUnit4ClassRunner.runChild(BlockJUnit4ClassRunner.java:50)
	at org.junit.runners.ParentRunner$3.run(ParentRunner.java:238)
	at org.junit.runners.ParentRunner$1.schedule(ParentRunner.java:63)
	at org.junit.runners.ParentRunner.runChildren(ParentRunner.java:236)
	at org.junit.runners.ParentRunner.access$000(ParentRunner.java:53)
	at org.junit.runners.ParentRunner$2.evaluate(ParentRunner.java:229)
	at org.junit.runners.ParentRunner.run(ParentRunner.java:309)
	at junit.framework.JUnit4TestAdapter.run(JUnit4TestAdapter.java:38)
	at org.apache.tools.ant.taskdefs.optional.junit.JUnitTestRunner.run(JUnitTestRunner.java:520)
	at org.apache.tools.ant.taskdefs.optional.junit.JUnitTask.executeInVM(JUnitTask.java:1492)
	at org.apache.tools.ant.taskdefs.optional.junit.JUnitTask.executeTests(JUnitTask.java:878)
	at org.apache.tools.ant.taskdefs.optional.junit.JUnitTask.executeOrQueue(JUnitTask.java:1980)
	at org.apache.tools.ant.taskdefs.optional.junit.JUnitTask.executeTests(JUnitTask.java:830)
	at org.apache.tools.ant.taskdefs.optional.junit.JUnitTask.execute(JUnitTask.java:2287)
	at org.apache.tools.ant.UnknownElement.execute(UnknownElement.java:291)
	at jdk.internal.reflect.GeneratedMethodAccessor4.invoke(Unknown Source)
	at java.base/jdk.internal.reflect.DelegatingMethodAccessorImpl.invoke(DelegatingMethodAccessorImpl.java:43)
	at java.base/java.lang.reflect.Method.invoke(Method.java:566)
	at org.apache.tools.ant.dispatch.DispatchUtils.execute(DispatchUtils.java:106)
	at org.apache.tools.ant.Task.perform(Task.java:348)
	at org.apache.tools.ant.Target.execute(Target.java:392)
	at org.apache.tools.ant.Target.performTasks(Target.java:413)
	at org.apache.tools.ant.Project.executeSortedTargets(Project.java:1399)
	at org.apache.tools.ant.Project.executeTarget(Project.java:1368)
	at org.apache.tools.ant.helper.DefaultExecutor.executeTargets(DefaultExecutor.java:41)
	at org.apache.tools.ant.Project.executeTargets(Project.java:1251)
	at org.apache.tools.ant.Main.runBuild(Main.java:811)
	at org.apache.tools.ant.Main.startAnt(Main.java:217)
	at org.apache.tools.ant.launch.Launcher.run(Launcher.java:280)
	at org.apache.tools.ant.launch.Launcher.main(Launcher.java:109)
--- org.mockitousage.verification.VerificationInOrderWithCallsTest::shouldFailWhenMethodNotCalled
junit.framework.AssertionFailedError: 
Verification in order failure
Wanted but not invoked:
mockOne.oneArg(2);
-> at org.mockitousage.verification.VerificationInOrderWithCallsTest.shouldFailWhenMethodNotCalled(VerificationInOrderWithCallsTest.java:40)
Wanted anywhere AFTER following interaction:
mockOne.oneArg(1);
-> at org.mockitousage.verification.VerificationInOrderWithCallsTest.shouldFailWhenMethodNotCalled(VerificationInOrderWithCallsTest.java:30)

	at org.mockito.exceptions.Reporter.wantedButNotInvokedInOrder(Reporter.java:339)
	at org.mockito.internal.verification.checkers.MissingInvocationInOrderChecker.check(MissingInvocationInOrderChecker.java:63)
	at org.mockito.internal.verification.Calls.verifyInOrder(Calls.java:39)
	at org.mockito.internal.verification.InOrderWrapper.verify(InOrderWrapper.java:30)
	at org.mockito.internal.verification.MockAwareVerificationMode.verify(MockAwareVerificationMode.java:21)
	at org.mockito.internal.handler.MockHandlerImpl.handle(MockHandlerImpl.java:72)
	at org.mockito.internal.handler.NullResultGuardian.handle(NullResultGuardian.java:29)
	at org.mockito.internal.handler.InvocationNotifierHandler.handle(InvocationNotifierHandler.java:38)
	at org.mockito.internal.creation.MethodInterceptorFilter.intercept(MethodInterceptorFilter.java:51)
	at org.mockitousage.IMethods$$EnhancerByMockitoWithCGLIB$$94eb271e.oneArg(<generated>)
	at org.mockitousage.verification.VerificationInOrderWithCallsTest.shouldFailWhenMethodNotCalled(VerificationInOrderWithCallsTest.java:40)
	at java.base/jdk.internal.reflect.NativeMethodAccessorImpl.invoke0(Native Method)
	at java.base/jdk.internal.reflect.NativeMethodAccessorImpl.invoke(NativeMethodAccessorImpl.java:62)
	at java.base/jdk.internal.reflect.DelegatingMethodAccessorImpl.invoke(DelegatingMethodAccessorImpl.java:43)
	at java.base/java.lang.reflect.Method.invoke(Method.java:566)
	at org.junit.runners.model.FrameworkMethod$1.runReflectiveCall(FrameworkMethod.java:47)
	at org.junit.internal.runners.model.ReflectiveCallable.run(ReflectiveCallable.java:12)
	at org.junit.runners.model.FrameworkMethod.invokeExplosively(FrameworkMethod.java:44)
	at org.junit.internal.runners.statements.InvokeMethod.evaluate(InvokeMethod.java:17)
	at org.junit.internal.runners.statements.RunBefores.evaluate(RunBefores.java:26)
	at org.junit.internal.runners.statements.RunAfters.evaluate(RunAfters.java:27)
	at org.junit.rules.ExpectedException$ExpectedExceptionStatement.evaluate(ExpectedException.java:168)
	at org.junit.rules.RunRules.evaluate(RunRules.java:20)
	at org.junit.runners.ParentRunner.runLeaf(ParentRunner.java:271)
	at org.junit.runners.BlockJUnit4ClassRunner.runChild(BlockJUnit4ClassRunner.java:70)
	at org.junit.runners.BlockJUnit4ClassRunner.runChild(BlockJUnit4ClassRunner.java:50)
	at org.junit.runners.ParentRunner$3.run(ParentRunner.java:238)
	at org.junit.runners.ParentRunner$1.schedule(ParentRunner.java:63)
	at org.junit.runners.ParentRunner.runChildren(ParentRunner.java:236)
	at org.junit.runners.ParentRunner.access$000(ParentRunner.java:53)
	at org.junit.runners.ParentRunner$2.evaluate(ParentRunner.java:229)
	at org.junit.runners.ParentRunner.run(ParentRunner.java:309)
	at junit.framework.JUnit4TestAdapter.run(JUnit4TestAdapter.java:38)
	at org.apache.tools.ant.taskdefs.optional.junit.JUnitTestRunner.run(JUnitTestRunner.java:520)
	at org.apache.tools.ant.taskdefs.optional.junit.JUnitTask.executeInVM(JUnitTask.java:1492)
	at org.apache.tools.ant.taskdefs.optional.junit.JUnitTask.executeTests(JUnitTask.java:878)
	at org.apache.tools.ant.taskdefs.optional.junit.JUnitTask.executeOrQueue(JUnitTask.java:1980)
	at org.apache.tools.ant.taskdefs.optional.junit.JUnitTask.executeTests(JUnitTask.java:830)
	at org.apache.tools.ant.taskdefs.optional.junit.JUnitTask.execute(JUnitTask.java:2287)
	at org.apache.tools.ant.UnknownElement.execute(UnknownElement.java:291)
	at jdk.internal.reflect.GeneratedMethodAccessor4.invoke(Unknown Source)
	at java.base/jdk.internal.reflect.DelegatingMethodAccessorImpl.invoke(DelegatingMethodAccessorImpl.java:43)
	at java.base/java.lang.reflect.Method.invoke(Method.java:566)
	at org.apache.tools.ant.dispatch.DispatchUtils.execute(DispatchUtils.java:106)
	at org.apache.tools.ant.Task.perform(Task.java:348)
	at org.apache.tools.ant.Target.execute(Target.java:392)
	at org.apache.tools.ant.Target.performTasks(Target.java:413)
	at org.apache.tools.ant.Project.executeSortedTargets(Project.java:1399)
	at org.apache.tools.ant.Project.executeTarget(Project.java:1368)
	at org.apache.tools.ant.helper.DefaultExecutor.executeTargets(DefaultExecutor.java:41)
	at org.apache.tools.ant.Project.executeTargets(Project.java:1251)
	at org.apache.tools.ant.Main.runBuild(Main.java:811)
	at org.apache.tools.ant.Main.startAnt(Main.java:217)
	at org.apache.tools.ant.launch.Launcher.run(Launcher.java:280)
	at org.apache.tools.ant.launch.Launcher.main(Launcher.java:109)
--- org.mockitousage.verification.VerificationInOrderWithCallsTest::shouldNotVerifySkippedCallsWhenFewerCallsForDifferentMethods
junit.framework.AssertionFailedError: 
No interactions wanted here:
-> at org.mockitousage.verification.VerificationInOrderWithCallsTest.shouldNotVerifySkippedCallsWhenFewerCallsForDifferentMethods(VerificationInOrderWithCallsTest.java:286)
But found this interaction:
-> at org.mockitousage.verification.VerificationInOrderWithCallsTest.shouldNotVerifySkippedCallsWhenFewerCallsForDifferentMethods(VerificationInOrderWithCallsTest.java:275)
***
For your reference, here is the list of all invocations ([?] - means unverified).
1. -> at org.mockitousage.verification.VerificationInOrderWithCallsTest.shouldNotVerifySkippedCallsWhenFewerCallsForDifferentMethods(VerificationInOrderWithCallsTest.java:273)
2. -> at org.mockitousage.verification.VerificationInOrderWithCallsTest.shouldNotVerifySkippedCallsWhenFewerCallsForDifferentMethods(VerificationInOrderWithCallsTest.java:274)
3. [?]-> at org.mockitousage.verification.VerificationInOrderWithCallsTest.shouldNotVerifySkippedCallsWhenFewerCallsForDifferentMethods(VerificationInOrderWithCallsTest.java:275)
4. -> at org.mockitousage.verification.VerificationInOrderWithCallsTest.shouldNotVerifySkippedCallsWhenFewerCallsForDifferentMethods(VerificationInOrderWithCallsTest.java:276)

	at org.mockito.exceptions.Reporter.noMoreInteractionsWanted(Reporter.java:419)
	at org.mockito.internal.verification.NoMoreInteractions.verify(NoMoreInteractions.java:24)
	at org.mockito.internal.MockitoCore.verifyNoMoreInteractions(MockitoCore.java:105)
	at org.mockito.Mockito.verifyNoMoreInteractions(Mockito.java:1576)
	at org.mockitousage.verification.VerificationInOrderWithCallsTest.shouldNotVerifySkippedCallsWhenFewerCallsForDifferentMethods(VerificationInOrderWithCallsTest.java:286)
	at java.base/jdk.internal.reflect.NativeMethodAccessorImpl.invoke0(Native Method)
	at java.base/jdk.internal.reflect.NativeMethodAccessorImpl.invoke(NativeMethodAccessorImpl.java:62)
	at java.base/jdk.internal.reflect.DelegatingMethodAccessorImpl.invoke(DelegatingMethodAccessorImpl.java:43)
	at java.base/java.lang.reflect.Method.invoke(Method.java:566)
	at org.junit.runners.model.FrameworkMethod$1.runReflectiveCall(FrameworkMethod.java:47)
	at org.junit.internal.runners.model.ReflectiveCallable.run(ReflectiveCallable.java:12)
	at org.junit.runners.model.FrameworkMethod.invokeExplosively(FrameworkMethod.java:44)
	at org.junit.internal.runners.statements.InvokeMethod.evaluate(InvokeMethod.java:17)
	at org.junit.internal.runners.statements.RunBefores.evaluate(RunBefores.java:26)
	at org.junit.internal.runners.statements.RunAfters.evaluate(RunAfters.java:27)
	at org.junit.rules.ExpectedException$ExpectedExceptionStatement.evaluate(ExpectedException.java:168)
	at org.junit.rules.RunRules.evaluate(RunRules.java:20)
	at org.junit.runners.ParentRunner.runLeaf(ParentRunner.java:271)
	at org.junit.runners.BlockJUnit4ClassRunner.runChild(BlockJUnit4ClassRunner.java:70)
	at org.junit.runners.BlockJUnit4ClassRunner.runChild(BlockJUnit4ClassRunner.java:50)
	at org.junit.runners.ParentRunner$3.run(ParentRunner.java:238)
	at org.junit.runners.ParentRunner$1.schedule(ParentRunner.java:63)
	at org.junit.runners.ParentRunner.runChildren(ParentRunner.java:236)
	at org.junit.runners.ParentRunner.access$000(ParentRunner.java:53)
	at org.junit.runners.ParentRunner$2.evaluate(ParentRunner.java:229)
	at org.junit.runners.ParentRunner.run(ParentRunner.java:309)
	at junit.framework.JUnit4TestAdapter.run(JUnit4TestAdapter.java:38)
	at org.apache.tools.ant.taskdefs.optional.junit.JUnitTestRunner.run(JUnitTestRunner.java:520)
	at org.apache.tools.ant.taskdefs.optional.junit.JUnitTask.executeInVM(JUnitTask.java:1492)
	at org.apache.tools.ant.taskdefs.optional.junit.JUnitTask.executeTests(JUnitTask.java:878)
	at org.apache.tools.ant.taskdefs.optional.junit.JUnitTask.executeOrQueue(JUnitTask.java:1980)
	at org.apache.tools.ant.taskdefs.optional.junit.JUnitTask.executeTests(JUnitTask.java:830)
	at org.apache.tools.ant.taskdefs.optional.junit.JUnitTask.execute(JUnitTask.java:2287)
	at org.apache.tools.ant.UnknownElement.execute(UnknownElement.java:291)
	at jdk.internal.reflect.GeneratedMethodAccessor4.invoke(Unknown Source)
	at java.base/jdk.internal.reflect.DelegatingMethodAccessorImpl.invoke(DelegatingMethodAccessorImpl.java:43)
	at java.base/java.lang.reflect.Method.invoke(Method.java:566)
	at org.apache.tools.ant.dispatch.DispatchUtils.execute(DispatchUtils.java:106)
	at org.apache.tools.ant.Task.perform(Task.java:348)
	at org.apache.tools.ant.Target.execute(Target.java:392)
	at org.apache.tools.ant.Target.performTasks(Target.java:413)
	at org.apache.tools.ant.Project.executeSortedTargets(Project.java:1399)
	at org.apache.tools.ant.Project.executeTarget(Project.java:1368)
	at org.apache.tools.ant.helper.DefaultExecutor.executeTargets(DefaultExecutor.java:41)
	at org.apache.tools.ant.Project.executeTargets(Project.java:1251)
	at org.apache.tools.ant.Main.runBuild(Main.java:811)
	at org.apache.tools.ant.Main.startAnt(Main.java:217)
	at org.apache.tools.ant.launch.Launcher.run(Launcher.java:280)
	at org.apache.tools.ant.launch.Launcher.main(Launcher.java:109)
--- org.mockitousage.verification.VerificationInOrderWithCallsTest::shouldNotVerifySkippedCallsInInOrderWhenFewerCallsForMethodsOnDifferentMocks
junit.framework.AssertionFailedError: 
No interactions wanted here:
-> at org.mockitousage.verification.VerificationInOrderWithCallsTest.shouldNotVerifySkippedCallsInInOrderWhenFewerCallsForMethodsOnDifferentMocks(VerificationInOrderWithCallsTest.java:367)
But found this interaction:
-> at org.mockitousage.verification.VerificationInOrderWithCallsTest.shouldNotVerifySkippedCallsInInOrderWhenFewerCallsForMethodsOnDifferentMocks(VerificationInOrderWithCallsTest.java:357)

	at org.mockito.exceptions.Reporter.noMoreInteractionsWantedInOrder(Reporter.java:429)
	at org.mockito.internal.verification.NoMoreInteractions.verifyInOrder(NoMoreInteractions.java:33)
	at org.mockito.internal.MockitoCore.verifyNoMoreInteractionsInOrder(MockitoCore.java:116)
	at org.mockito.internal.InOrderImpl.verifyNoMoreInteractions(InOrderImpl.java:62)
	at org.mockitousage.verification.VerificationInOrderWithCallsTest.shouldNotVerifySkippedCallsInInOrderWhenFewerCallsForMethodsOnDifferentMocks(VerificationInOrderWithCallsTest.java:367)
	at java.base/jdk.internal.reflect.NativeMethodAccessorImpl.invoke0(Native Method)
	at java.base/jdk.internal.reflect.NativeMethodAccessorImpl.invoke(NativeMethodAccessorImpl.java:62)
	at java.base/jdk.internal.reflect.DelegatingMethodAccessorImpl.invoke(DelegatingMethodAccessorImpl.java:43)
	at java.base/java.lang.reflect.Method.invoke(Method.java:566)
	at org.junit.runners.model.FrameworkMethod$1.runReflectiveCall(FrameworkMethod.java:47)
	at org.junit.internal.runners.model.ReflectiveCallable.run(ReflectiveCallable.java:12)
	at org.junit.runners.model.FrameworkMethod.invokeExplosively(FrameworkMethod.java:44)
	at org.junit.internal.runners.statements.InvokeMethod.evaluate(InvokeMethod.java:17)
	at org.junit.internal.runners.statements.RunBefores.evaluate(RunBefores.java:26)
	at org.junit.internal.runners.statements.RunAfters.evaluate(RunAfters.java:27)
	at org.junit.rules.ExpectedException$ExpectedExceptionStatement.evaluate(ExpectedException.java:168)
	at org.junit.rules.RunRules.evaluate(RunRules.java:20)
	at org.junit.runners.ParentRunner.runLeaf(ParentRunner.java:271)
	at org.junit.runners.BlockJUnit4ClassRunner.runChild(BlockJUnit4ClassRunner.java:70)
	at org.junit.runners.BlockJUnit4ClassRunner.runChild(BlockJUnit4ClassRunner.java:50)
	at org.junit.runners.ParentRunner$3.run(ParentRunner.java:238)
	at org.junit.runners.ParentRunner$1.schedule(ParentRunner.java:63)
	at org.junit.runners.ParentRunner.runChildren(ParentRunner.java:236)
	at org.junit.runners.ParentRunner.access$000(ParentRunner.java:53)
	at org.junit.runners.ParentRunner$2.evaluate(ParentRunner.java:229)
	at org.junit.runners.ParentRunner.run(ParentRunner.java:309)
	at junit.framework.JUnit4TestAdapter.run(JUnit4TestAdapter.java:38)
	at org.apache.tools.ant.taskdefs.optional.junit.JUnitTestRunner.run(JUnitTestRunner.java:520)
	at org.apache.tools.ant.taskdefs.optional.junit.JUnitTask.executeInVM(JUnitTask.java:1492)
	at org.apache.tools.ant.taskdefs.optional.junit.JUnitTask.executeTests(JUnitTask.java:878)
	at org.apache.tools.ant.taskdefs.optional.junit.JUnitTask.executeOrQueue(JUnitTask.java:1980)
	at org.apache.tools.ant.taskdefs.optional.junit.JUnitTask.executeTests(JUnitTask.java:830)
	at org.apache.tools.ant.taskdefs.optional.junit.JUnitTask.execute(JUnitTask.java:2287)
	at org.apache.tools.ant.UnknownElement.execute(UnknownElement.java:291)
	at jdk.internal.reflect.GeneratedMethodAccessor4.invoke(Unknown Source)
	at java.base/jdk.internal.reflect.DelegatingMethodAccessorImpl.invoke(DelegatingMethodAccessorImpl.java:43)
	at java.base/java.lang.reflect.Method.invoke(Method.java:566)
	at org.apache.tools.ant.dispatch.DispatchUtils.execute(DispatchUtils.java:106)
	at org.apache.tools.ant.Task.perform(Task.java:348)
	at org.apache.tools.ant.Target.execute(Target.java:392)
	at org.apache.tools.ant.Target.performTasks(Target.java:413)
	at org.apache.tools.ant.Project.executeSortedTargets(Project.java:1399)
	at org.apache.tools.ant.Project.executeTarget(Project.java:1368)
	at org.apache.tools.ant.helper.DefaultExecutor.executeTargets(DefaultExecutor.java:41)
	at org.apache.tools.ant.Project.executeTargets(Project.java:1251)
	at org.apache.tools.ant.Main.runBuild(Main.java:811)
	at org.apache.tools.ant.Main.startAnt(Main.java:217)
	at org.apache.tools.ant.launch.Launcher.run(Launcher.java:280)
	at org.apache.tools.ant.launch.Launcher.main(Launcher.java:109)
--- org.mockitousage.verification.VerificationInOrderWithCallsTest::shouldNotVerifySkippedCallsInInOrderWhenFewerCallsForSingleMethod
junit.framework.AssertionFailedError: 
No interactions wanted here:
-> at org.mockitousage.verification.VerificationInOrderWithCallsTest.shouldNotVerifySkippedCallsInInOrderWhenFewerCallsForSingleMethod(VerificationInOrderWithCallsTest.java:245)
But found this interaction:
-> at org.mockitousage.verification.VerificationInOrderWithCallsTest.shouldNotVerifySkippedCallsInInOrderWhenFewerCallsForSingleMethod(VerificationInOrderWithCallsTest.java:235)

	at org.mockito.exceptions.Reporter.noMoreInteractionsWantedInOrder(Reporter.java:429)
	at org.mockito.internal.verification.NoMoreInteractions.verifyInOrder(NoMoreInteractions.java:33)
	at org.mockito.internal.MockitoCore.verifyNoMoreInteractionsInOrder(MockitoCore.java:116)
	at org.mockito.internal.InOrderImpl.verifyNoMoreInteractions(InOrderImpl.java:62)
	at org.mockitousage.verification.VerificationInOrderWithCallsTest.shouldNotVerifySkippedCallsInInOrderWhenFewerCallsForSingleMethod(VerificationInOrderWithCallsTest.java:245)
	at java.base/jdk.internal.reflect.NativeMethodAccessorImpl.invoke0(Native Method)
	at java.base/jdk.internal.reflect.NativeMethodAccessorImpl.invoke(NativeMethodAccessorImpl.java:62)
	at java.base/jdk.internal.reflect.DelegatingMethodAccessorImpl.invoke(DelegatingMethodAccessorImpl.java:43)
	at java.base/java.lang.reflect.Method.invoke(Method.java:566)
	at org.junit.runners.model.FrameworkMethod$1.runReflectiveCall(FrameworkMethod.java:47)
	at org.junit.internal.runners.model.ReflectiveCallable.run(ReflectiveCallable.java:12)
	at org.junit.runners.model.FrameworkMethod.invokeExplosively(FrameworkMethod.java:44)
	at org.junit.internal.runners.statements.InvokeMethod.evaluate(InvokeMethod.java:17)
	at org.junit.internal.runners.statements.RunBefores.evaluate(RunBefores.java:26)
	at org.junit.internal.runners.statements.RunAfters.evaluate(RunAfters.java:27)
	at org.junit.rules.ExpectedException$ExpectedExceptionStatement.evaluate(ExpectedException.java:168)
	at org.junit.rules.RunRules.evaluate(RunRules.java:20)
	at org.junit.runners.ParentRunner.runLeaf(ParentRunner.java:271)
	at org.junit.runners.BlockJUnit4ClassRunner.runChild(BlockJUnit4ClassRunner.java:70)
	at org.junit.runners.BlockJUnit4ClassRunner.runChild(BlockJUnit4ClassRunner.java:50)
	at org.junit.runners.ParentRunner$3.run(ParentRunner.java:238)
	at org.junit.runners.ParentRunner$1.schedule(ParentRunner.java:63)
	at org.junit.runners.ParentRunner.runChildren(ParentRunner.java:236)
	at org.junit.runners.ParentRunner.access$000(ParentRunner.java:53)
	at org.junit.runners.ParentRunner$2.evaluate(ParentRunner.java:229)
	at org.junit.runners.ParentRunner.run(ParentRunner.java:309)
	at junit.framework.JUnit4TestAdapter.run(JUnit4TestAdapter.java:38)
	at org.apache.tools.ant.taskdefs.optional.junit.JUnitTestRunner.run(JUnitTestRunner.java:520)
	at org.apache.tools.ant.taskdefs.optional.junit.JUnitTask.executeInVM(JUnitTask.java:1492)
	at org.apache.tools.ant.taskdefs.optional.junit.JUnitTask.executeTests(JUnitTask.java:878)
	at org.apache.tools.ant.taskdefs.optional.junit.JUnitTask.executeOrQueue(JUnitTask.java:1980)
	at org.apache.tools.ant.taskdefs.optional.junit.JUnitTask.executeTests(JUnitTask.java:830)
	at org.apache.tools.ant.taskdefs.optional.junit.JUnitTask.execute(JUnitTask.java:2287)
	at org.apache.tools.ant.UnknownElement.execute(UnknownElement.java:291)
	at jdk.internal.reflect.GeneratedMethodAccessor4.invoke(Unknown Source)
	at java.base/jdk.internal.reflect.DelegatingMethodAccessorImpl.invoke(DelegatingMethodAccessorImpl.java:43)
	at java.base/java.lang.reflect.Method.invoke(Method.java:566)
	at org.apache.tools.ant.dispatch.DispatchUtils.execute(DispatchUtils.java:106)
	at org.apache.tools.ant.Task.perform(Task.java:348)
	at org.apache.tools.ant.Target.execute(Target.java:392)
	at org.apache.tools.ant.Target.performTasks(Target.java:413)
	at org.apache.tools.ant.Project.executeSortedTargets(Project.java:1399)
	at org.apache.tools.ant.Project.executeTarget(Project.java:1368)
	at org.apache.tools.ant.helper.DefaultExecutor.executeTargets(DefaultExecutor.java:41)
	at org.apache.tools.ant.Project.executeTargets(Project.java:1251)
	at org.apache.tools.ant.Main.runBuild(Main.java:811)
	at org.apache.tools.ant.Main.startAnt(Main.java:217)
	at org.apache.tools.ant.launch.Launcher.run(Launcher.java:280)
	at org.apache.tools.ant.launch.Launcher.main(Launcher.java:109)
--- org.mockitousage.verification.VerificationInOrderWithCallsTest::shouldFailWhenMethodCalledTooFewTimes
junit.framework.AssertionFailedError: 
Verification in order failure:
mockOne.oneArg(2);
Wanted 2 times:
-> at org.mockitousage.verification.VerificationInOrderWithCallsTest.shouldFailWhenMethodCalledTooFewTimes(VerificationInOrderWithCallsTest.java:61)
But was 1 time:
-> at org.mockitousage.verification.VerificationInOrderWithCallsTest.shouldFailWhenMethodCalledTooFewTimes(VerificationInOrderWithCallsTest.java:49)

	at org.mockito.exceptions.Reporter.tooLittleActualInvocationsInOrder(Reporter.java:410)
	at org.mockito.internal.verification.checkers.NonGreedyNumberOfInvocationsInOrderChecker.check(NonGreedyNumberOfInvocationsInOrderChecker.java:41)
	at org.mockito.internal.verification.Calls.verifyInOrder(Calls.java:41)
	at org.mockito.internal.verification.InOrderWrapper.verify(InOrderWrapper.java:30)
	at org.mockito.internal.verification.MockAwareVerificationMode.verify(MockAwareVerificationMode.java:21)
	at org.mockito.internal.handler.MockHandlerImpl.handle(MockHandlerImpl.java:72)
	at org.mockito.internal.handler.NullResultGuardian.handle(NullResultGuardian.java:29)
	at org.mockito.internal.handler.InvocationNotifierHandler.handle(InvocationNotifierHandler.java:38)
	at org.mockito.internal.creation.MethodInterceptorFilter.intercept(MethodInterceptorFilter.java:51)
	at org.mockitousage.IMethods$$EnhancerByMockitoWithCGLIB$$94eb271e.oneArg(<generated>)
	at org.mockitousage.verification.VerificationInOrderWithCallsTest.shouldFailWhenMethodCalledTooFewTimes(VerificationInOrderWithCallsTest.java:61)
	at java.base/jdk.internal.reflect.NativeMethodAccessorImpl.invoke0(Native Method)
	at java.base/jdk.internal.reflect.NativeMethodAccessorImpl.invoke(NativeMethodAccessorImpl.java:62)
	at java.base/jdk.internal.reflect.DelegatingMethodAccessorImpl.invoke(DelegatingMethodAccessorImpl.java:43)
	at java.base/java.lang.reflect.Method.invoke(Method.java:566)
	at org.junit.runners.model.FrameworkMethod$1.runReflectiveCall(FrameworkMethod.java:47)
	at org.junit.internal.runners.model.ReflectiveCallable.run(ReflectiveCallable.java:12)
	at org.junit.runners.model.FrameworkMethod.invokeExplosively(FrameworkMethod.java:44)
	at org.junit.internal.runners.statements.InvokeMethod.evaluate(InvokeMethod.java:17)
	at org.junit.internal.runners.statements.RunBefores.evaluate(RunBefores.java:26)
	at org.junit.internal.runners.statements.RunAfters.evaluate(RunAfters.java:27)
	at org.junit.rules.ExpectedException$ExpectedExceptionStatement.evaluate(ExpectedException.java:168)
	at org.junit.rules.RunRules.evaluate(RunRules.java:20)
	at org.junit.runners.ParentRunner.runLeaf(ParentRunner.java:271)
	at org.junit.runners.BlockJUnit4ClassRunner.runChild(BlockJUnit4ClassRunner.java:70)
	at org.junit.runners.BlockJUnit4ClassRunner.runChild(BlockJUnit4ClassRunner.java:50)
	at org.junit.runners.ParentRunner$3.run(ParentRunner.java:238)
	at org.junit.runners.ParentRunner$1.schedule(ParentRunner.java:63)
	at org.junit.runners.ParentRunner.runChildren(ParentRunner.java:236)
	at org.junit.runners.ParentRunner.access$000(ParentRunner.java:53)
	at org.junit.runners.ParentRunner$2.evaluate(ParentRunner.java:229)
	at org.junit.runners.ParentRunner.run(ParentRunner.java:309)
	at junit.framework.JUnit4TestAdapter.run(JUnit4TestAdapter.java:38)
	at org.apache.tools.ant.taskdefs.optional.junit.JUnitTestRunner.run(JUnitTestRunner.java:520)
	at org.apache.tools.ant.taskdefs.optional.junit.JUnitTask.executeInVM(JUnitTask.java:1492)
	at org.apache.tools.ant.taskdefs.optional.junit.JUnitTask.executeTests(JUnitTask.java:878)
	at org.apache.tools.ant.taskdefs.optional.junit.JUnitTask.executeOrQueue(JUnitTask.java:1980)
	at org.apache.tools.ant.taskdefs.optional.junit.JUnitTask.executeTests(JUnitTask.java:830)
	at org.apache.tools.ant.taskdefs.optional.junit.JUnitTask.execute(JUnitTask.java:2287)
	at org.apache.tools.ant.UnknownElement.execute(UnknownElement.java:291)
	at jdk.internal.reflect.GeneratedMethodAccessor4.invoke(Unknown Source)
	at java.base/jdk.internal.reflect.DelegatingMethodAccessorImpl.invoke(DelegatingMethodAccessorImpl.java:43)
	at java.base/java.lang.reflect.Method.invoke(Method.java:566)
	at org.apache.tools.ant.dispatch.DispatchUtils.execute(DispatchUtils.java:106)
	at org.apache.tools.ant.Task.perform(Task.java:348)
	at org.apache.tools.ant.Target.execute(Target.java:392)
	at org.apache.tools.ant.Target.performTasks(Target.java:413)
	at org.apache.tools.ant.Project.executeSortedTargets(Project.java:1399)
	at org.apache.tools.ant.Project.executeTarget(Project.java:1368)
	at org.apache.tools.ant.helper.DefaultExecutor.executeTargets(DefaultExecutor.java:41)
	at org.apache.tools.ant.Project.executeTargets(Project.java:1251)
	at org.apache.tools.ant.Main.runBuild(Main.java:811)
	at org.apache.tools.ant.Main.startAnt(Main.java:217)
	at org.apache.tools.ant.launch.Launcher.run(Launcher.java:280)
	at org.apache.tools.ant.launch.Launcher.main(Launcher.java:109)
